  Building Custom Rule D:/cesium-terrain-builder-master-quantized-mesh/source/src/CMakeLists.txt
  CMake does not need to re-run because D:/cesium-terrain-builder-master-quantized-mesh/build/src/CMakeFiles/generate.stamp is up-to-date.
  用于 x64 的 Microsoft (R) C/C++ 优化编译器 19.16.27027.1 版
  版权所有(C) Microsoft Corporation。保留所有权利。
  
  cl /c /I"D:\cesium-terrain-builder-master-quantized-mesh\build" /I"D:\release-1911-x64-gdal-2-3-3-mapserver-7-2-1-libs\include" /I"D:\cesium-terrain-builder-master-quantized-mesh\source\src" /W3 /WX- /diagnostics:classic /O2 /Ob2 /D WIN32 /D _WINDOWS /D NDEBUG /D "CMAKE_INTDIR=\"Release\"" /D ctb_EXPORTS /D _WINDLL /D _MBCS /Gm- /EHsc /MD /GS /fp:precise /Zc:wchar_t /Zc:forScope /Zc:inline /GR /Fo"ctb.dir\Release\\" /Fd"ctb.dir\Release\vc141.pdb" /Gd /TP /errorReport:prompt "D:\cesium-terrain-builder-master-quantized-mesh\source\src\GDALTile.cpp" "D:\cesium-terrain-builder-master-quantized-mesh\source\src\GDALTiler.cpp" "D:\cesium-terrain-builder-master-quantized-mesh\source\src\GDALDatasetReader.cpp" "D:\cesium-terrain-builder-master-quantized-mesh\source\src\CTBFileTileSerializer.cpp" "D:\cesium-terrain-builder-master-quantized-mesh\source\src\CTBFileOutputStream.cpp" "D:\cesium-terrain-builder-master-quantized-mesh\source\src\CTBZOutputStream.cpp" "D:\cesium-terrain-builder-master-quantized-mesh\source\src\TerrainTiler.cpp" "D:\cesium-terrain-builder-master-quantized-mesh\source\src\TerrainTile.cpp" "D:\cesium-terrain-builder-master-quantized-mesh\source\src\MeshTiler.cpp" "D:\cesium-terrain-builder-master-quantized-mesh\source\src\MeshTile.cpp" "D:\cesium-terrain-builder-master-quantized-mesh\source\src\GlobalMercator.cpp" "D:\cesium-terrain-builder-master-quantized-mesh\source\src\GlobalGeodetic.cpp"
  
  GDALTile.cpp
d:\release-1911-x64-gdal-2-3-3-mapserver-7-2-1-libs\include\ogr_featurestyle.h(89): warning C4251: “OGRStyleTable::osLastRequestedStyleName”: class“CPLStringT<void>”需要有 dll 接口由 class“OGRStyleTable”的客户端使用
  d:\release-1911-x64-gdal-2-3-3-mapserver-7-2-1-libs\include\cpl_string.h(323): note: 参见“CPLStringT<void>”的声明
d:\release-1911-x64-gdal-2-3-3-mapserver-7-2-1-libs\include\cpl_json.h(153): warning C4251: “CPLJSONObject::m_osKey”: class“std::basic_string<char,std::char_traits<char>,std::allocator<char>>”需要有 dll 接口由 class“CPLJSONObject”的客户端使用
  C:\Program Files (x86)\Microsoft Visual Studio\2017\Community\VC\Tools\MSVC\14.16.27023\include\xstring(4373): note: 参见“std::basic_string<char,std::char_traits<char>,std::allocator<char>>”的声明
d:\release-1911-x64-gdal-2-3-3-mapserver-7-2-1-libs\include\ogr_geometry.h(947): warning C4251: “OGRCurve::ConstIterator::m_poPrivate”: class“std::unique_ptr<OGRCurve::ConstIterator::Private,std::default_delete<_Ty>>”需要有 dll 接口由 class“OGRCurve::ConstIterator”的客户端使用
          with
          [
              _Ty=OGRCurve::ConstIterator::Private
          ]
  d:\release-1911-x64-gdal-2-3-3-mapserver-7-2-1-libs\include\ogr_geometry.h(947): note: 参见“std::unique_ptr<OGRCurve::ConstIterator::Private,std::default_delete<_Ty>>”的声明
          with
          [
              _Ty=OGRCurve::ConstIterator::Private
          ]
d:\release-1911-x64-gdal-2-3-3-mapserver-7-2-1-libs\include\ogr_geometry.h(1066): warning C4251: “OGRSimpleCurve::Iterator::m_poPrivate”: class“std::unique_ptr<OGRSimpleCurve::Iterator::Private,std::default_delete<_Ty>>”需要有 dll 接口由 class“OGRSimpleCurve::Iterator”的客户端使用
          with
          [
              _Ty=OGRSimpleCurve::Iterator::Private
          ]
  d:\release-1911-x64-gdal-2-3-3-mapserver-7-2-1-libs\include\ogr_geometry.h(1066): note: 参见“std::unique_ptr<OGRSimpleCurve::Iterator::Private,std::default_delete<_Ty>>”的声明
          with
          [
              _Ty=OGRSimpleCurve::Iterator::Private
          ]
d:\release-1911-x64-gdal-2-3-3-mapserver-7-2-1-libs\include\ogr_geometry.h(1083): warning C4251: “OGRSimpleCurve::ConstIterator::m_poPrivate”: class“std::unique_ptr<OGRSimpleCurve::ConstIterator::Private,std::default_delete<_Ty>>”需要有 dll 接口由 class“OGRSimpleCurve::ConstIterator”的客户端使用
          with
          [
              _Ty=OGRSimpleCurve::ConstIterator::Private
          ]
  d:\release-1911-x64-gdal-2-3-3-mapserver-7-2-1-libs\include\ogr_geometry.h(1083): note: 参见“std::unique_ptr<OGRSimpleCurve::ConstIterator::Private,std::default_delete<_Ty>>”的声明
          with
          [
              _Ty=OGRSimpleCurve::ConstIterator::Private
          ]
d:\release-1911-x64-gdal-2-3-3-mapserver-7-2-1-libs\include\ogr_feature.h(384): warning C4251: “OGRFeature::FieldValue::m_poPrivate”: class“std::unique_ptr<OGRFeature::FieldValue::Private,std::default_delete<_Ty>>”需要有 dll 接口由 class“OGRFeature::FieldValue”的客户端使用
          with
          [
              _Ty=OGRFeature::FieldValue::Private
          ]
  d:\release-1911-x64-gdal-2-3-3-mapserver-7-2-1-libs\include\ogr_feature.h(384): note: 参见“std::unique_ptr<OGRFeature::FieldValue::Private,std::default_delete<_Ty>>”的声明
          with
          [
              _Ty=OGRFeature::FieldValue::Private
          ]
d:\release-1911-x64-gdal-2-3-3-mapserver-7-2-1-libs\include\ogr_feature.h(527): warning C4251: “OGRFeature::ConstFieldIterator::m_poPrivate”: class“std::unique_ptr<OGRFeature::ConstFieldIterator::Private,std::default_delete<_Ty>>”需要有 dll 接口由 class“OGRFeature::ConstFieldIterator”的客户端使用
          with
          [
              _Ty=OGRFeature::ConstFieldIterator::Private
          ]
  d:\release-1911-x64-gdal-2-3-3-mapserver-7-2-1-libs\include\ogr_feature.h(527): note: 参见“std::unique_ptr<OGRFeature::ConstFieldIterator::Private,std::default_delete<_Ty>>”的声明
          with
          [
              _Ty=OGRFeature::ConstFieldIterator::Private
          ]
D:\release-1911-x64-gdal-2-3-3-mapserver-7-2-1-libs\include\gdal_priv.h(137): warning C4251: “GDALMajorObject::sDescription”: class“CPLStringT<void>”需要有 dll 接口由 class“GDALMajorObject”的客户端使用
  d:\release-1911-x64-gdal-2-3-3-mapserver-7-2-1-libs\include\cpl_string.h(323): note: 参见“CPLStringT<void>”的声明
D:\release-1911-x64-gdal-2-3-3-mapserver-7-2-1-libs\include\gdal_priv.h(190): warning C4251: “GDALDefaultOverviews::osOvrFilename”: class“CPLStringT<void>”需要有 dll 接口由 class“GDALDefaultOverviews”的客户端使用
  d:\release-1911-x64-gdal-2-3-3-mapserver-7-2-1-libs\include\cpl_string.h(323): note: 参见“CPLStringT<void>”的声明
D:\release-1911-x64-gdal-2-3-3-mapserver-7-2-1-libs\include\gdal_priv.h(483): warning C4251: “GDALDataset::Bands::Iterator::m_poPrivate”: class“std::unique_ptr<GDALDataset::Bands::Iterator::Private,std::default_delete<_Ty>>”需要有 dll 接口由 class“GDALDataset::Bands::Iterator”的客户端使用
          with
          [
              _Ty=GDALDataset::Bands::Iterator::Private
          ]
  D:\release-1911-x64-gdal-2-3-3-mapserver-7-2-1-libs\include\gdal_priv.h(483): note: 参见“std::unique_ptr<GDALDataset::Bands::Iterator::Private,std::default_delete<_Ty>>”的声明
          with
          [
              _Ty=GDALDataset::Bands::Iterator::Private
          ]
D:\release-1911-x64-gdal-2-3-3-mapserver-7-2-1-libs\include\gdal_priv.h(670): warning C4251: “GDALDataset::Layers::Iterator::m_poPrivate”: class“std::unique_ptr<GDALDataset::Layers::Iterator::Private,std::default_delete<_Ty>>”需要有 dll 接口由 class“GDALDataset::Layers::Iterator”的客户端使用
          with
          [
              _Ty=GDALDataset::Layers::Iterator::Private
          ]
  D:\release-1911-x64-gdal-2-3-3-mapserver-7-2-1-libs\include\gdal_priv.h(670): note: 参见“std::unique_ptr<GDALDataset::Layers::Iterator::Private,std::default_delete<_Ty>>”的声明
          with
          [
              _Ty=GDALDataset::Layers::Iterator::Private
          ]
D:\release-1911-x64-gdal-2-3-3-mapserver-7-2-1-libs\include\gdal_priv.h(728): warning C4251: “GDALDataset::Features::Iterator::m_poPrivate”: class“std::unique_ptr<GDALDataset::Features::Iterator::Private,std::default_delete<_Ty>>”需要有 dll 接口由 class“GDALDataset::Features::Iterator”的客户端使用
          with
          [
              _Ty=GDALDataset::Features::Iterator::Private
          ]
  D:\release-1911-x64-gdal-2-3-3-mapserver-7-2-1-libs\include\gdal_priv.h(728): note: 参见“std::unique_ptr<GDALDataset::Features::Iterator::Private,std::default_delete<_Ty>>”的声明
          with
          [
              _Ty=GDALDataset::Features::Iterator::Private
          ]
D:\release-1911-x64-gdal-2-3-3-mapserver-7-2-1-libs\include\gdal_priv.h(953): warning C4251: “GDALColorTable::aoEntries”: class“std::vector<GDALColorEntry,std::allocator<_Ty>>”需要有 dll 接口由 class“GDALColorTable”的客户端使用
          with
          [
              _Ty=GDALColorEntry
          ]
  D:\release-1911-x64-gdal-2-3-3-mapserver-7-2-1-libs\include\gdal_priv.h(953): note: 参见“std::vector<GDALColorEntry,std::allocator<_Ty>>”的声明
          with
          [
              _Ty=GDALColorEntry
          ]
D:\release-1911-x64-gdal-2-3-3-mapserver-7-2-1-libs\include\gdal_priv.h(1516): warning C4251: “GDALDriverManager::oMapNameToDrivers”: class“std::map<CPLString,GDALDriver *,std::less<_Kty>,std::allocator<std::pair<const _Kty,_Ty>>>”需要有 dll 接口由 class“GDALDriverManager”的客户端使用
          with
          [
              _Kty=CPLString,
              _Ty=GDALDriver *
          ]
  D:\release-1911-x64-gdal-2-3-3-mapserver-7-2-1-libs\include\gdal_priv.h(1516): note: 参见“std::map<CPLString,GDALDriver *,std::less<_Kty>,std::allocator<std::pair<const _Kty,_Ty>>>”的声明
          with
          [
              _Kty=CPLString,
              _Ty=GDALDriver *
          ]
d:\cesium-terrain-builder-master-quantized-mesh\source\src\Grid.hpp(139): warning C4244: “初始化”: 从“double”转换到“ctb::i_pixel”，可能丢失数据
d:\cesium-terrain-builder-master-quantized-mesh\source\src\Grid.hpp(140): warning C4244: “初始化”: 从“double”转换到“ctb::i_pixel”，可能丢失数据
d:\cesium-terrain-builder-master-quantized-mesh\source\src\GDALTile.hpp(47): warning C4275: 非 dll 接口 class“ctb::Tile”用作 dll 接口 class“ctb::GDALTile”的基
  d:\cesium-terrain-builder-master-quantized-mesh\source\src\Tile.hpp(28): note: 参见“ctb::Tile”的声明
  d:\cesium-terrain-builder-master-quantized-mesh\source\src\GDALTile.hpp(31): note: 参见“ctb::GDALTile”的声明
  GDALTiler.cpp
d:\release-1911-x64-gdal-2-3-3-mapserver-7-2-1-libs\include\ogr_featurestyle.h(89): warning C4251: “OGRStyleTable::osLastRequestedStyleName”: class“CPLStringT<void>”需要有 dll 接口由 class“OGRStyleTable”的客户端使用
  d:\release-1911-x64-gdal-2-3-3-mapserver-7-2-1-libs\include\cpl_string.h(323): note: 参见“CPLStringT<void>”的声明
d:\release-1911-x64-gdal-2-3-3-mapserver-7-2-1-libs\include\cpl_json.h(153): warning C4251: “CPLJSONObject::m_osKey”: class“std::basic_string<char,std::char_traits<char>,std::allocator<char>>”需要有 dll 接口由 class“CPLJSONObject”的客户端使用
  C:\Program Files (x86)\Microsoft Visual Studio\2017\Community\VC\Tools\MSVC\14.16.27023\include\xstring(4373): note: 参见“std::basic_string<char,std::char_traits<char>,std::allocator<char>>”的声明
d:\release-1911-x64-gdal-2-3-3-mapserver-7-2-1-libs\include\ogr_geometry.h(947): warning C4251: “OGRCurve::ConstIterator::m_poPrivate”: class“std::unique_ptr<OGRCurve::ConstIterator::Private,std::default_delete<_Ty>>”需要有 dll 接口由 class“OGRCurve::ConstIterator”的客户端使用
          with
          [
              _Ty=OGRCurve::ConstIterator::Private
          ]
  d:\release-1911-x64-gdal-2-3-3-mapserver-7-2-1-libs\include\ogr_geometry.h(947): note: 参见“std::unique_ptr<OGRCurve::ConstIterator::Private,std::default_delete<_Ty>>”的声明
          with
          [
              _Ty=OGRCurve::ConstIterator::Private
          ]
d:\release-1911-x64-gdal-2-3-3-mapserver-7-2-1-libs\include\ogr_geometry.h(1066): warning C4251: “OGRSimpleCurve::Iterator::m_poPrivate”: class“std::unique_ptr<OGRSimpleCurve::Iterator::Private,std::default_delete<_Ty>>”需要有 dll 接口由 class“OGRSimpleCurve::Iterator”的客户端使用
          with
          [
              _Ty=OGRSimpleCurve::Iterator::Private
          ]
  d:\release-1911-x64-gdal-2-3-3-mapserver-7-2-1-libs\include\ogr_geometry.h(1066): note: 参见“std::unique_ptr<OGRSimpleCurve::Iterator::Private,std::default_delete<_Ty>>”的声明
          with
          [
              _Ty=OGRSimpleCurve::Iterator::Private
          ]
d:\release-1911-x64-gdal-2-3-3-mapserver-7-2-1-libs\include\ogr_geometry.h(1083): warning C4251: “OGRSimpleCurve::ConstIterator::m_poPrivate”: class“std::unique_ptr<OGRSimpleCurve::ConstIterator::Private,std::default_delete<_Ty>>”需要有 dll 接口由 class“OGRSimpleCurve::ConstIterator”的客户端使用
          with
          [
              _Ty=OGRSimpleCurve::ConstIterator::Private
          ]
  d:\release-1911-x64-gdal-2-3-3-mapserver-7-2-1-libs\include\ogr_geometry.h(1083): note: 参见“std::unique_ptr<OGRSimpleCurve::ConstIterator::Private,std::default_delete<_Ty>>”的声明
          with
          [
              _Ty=OGRSimpleCurve::ConstIterator::Private
          ]
d:\release-1911-x64-gdal-2-3-3-mapserver-7-2-1-libs\include\ogr_feature.h(384): warning C4251: “OGRFeature::FieldValue::m_poPrivate”: class“std::unique_ptr<OGRFeature::FieldValue::Private,std::default_delete<_Ty>>”需要有 dll 接口由 class“OGRFeature::FieldValue”的客户端使用
          with
          [
              _Ty=OGRFeature::FieldValue::Private
          ]
  d:\release-1911-x64-gdal-2-3-3-mapserver-7-2-1-libs\include\ogr_feature.h(384): note: 参见“std::unique_ptr<OGRFeature::FieldValue::Private,std::default_delete<_Ty>>”的声明
          with
          [
              _Ty=OGRFeature::FieldValue::Private
          ]
d:\release-1911-x64-gdal-2-3-3-mapserver-7-2-1-libs\include\ogr_feature.h(527): warning C4251: “OGRFeature::ConstFieldIterator::m_poPrivate”: class“std::unique_ptr<OGRFeature::ConstFieldIterator::Private,std::default_delete<_Ty>>”需要有 dll 接口由 class“OGRFeature::ConstFieldIterator”的客户端使用
          with
          [
              _Ty=OGRFeature::ConstFieldIterator::Private
          ]
  d:\release-1911-x64-gdal-2-3-3-mapserver-7-2-1-libs\include\ogr_feature.h(527): note: 参见“std::unique_ptr<OGRFeature::ConstFieldIterator::Private,std::default_delete<_Ty>>”的声明
          with
          [
              _Ty=OGRFeature::ConstFieldIterator::Private
          ]
D:\release-1911-x64-gdal-2-3-3-mapserver-7-2-1-libs\include\gdal_priv.h(137): warning C4251: “GDALMajorObject::sDescription”: class“CPLStringT<void>”需要有 dll 接口由 class“GDALMajorObject”的客户端使用
  d:\release-1911-x64-gdal-2-3-3-mapserver-7-2-1-libs\include\cpl_string.h(323): note: 参见“CPLStringT<void>”的声明
D:\release-1911-x64-gdal-2-3-3-mapserver-7-2-1-libs\include\gdal_priv.h(190): warning C4251: “GDALDefaultOverviews::osOvrFilename”: class“CPLStringT<void>”需要有 dll 接口由 class“GDALDefaultOverviews”的客户端使用
  d:\release-1911-x64-gdal-2-3-3-mapserver-7-2-1-libs\include\cpl_string.h(323): note: 参见“CPLStringT<void>”的声明
D:\release-1911-x64-gdal-2-3-3-mapserver-7-2-1-libs\include\gdal_priv.h(483): warning C4251: “GDALDataset::Bands::Iterator::m_poPrivate”: class“std::unique_ptr<GDALDataset::Bands::Iterator::Private,std::default_delete<_Ty>>”需要有 dll 接口由 class“GDALDataset::Bands::Iterator”的客户端使用
          with
          [
              _Ty=GDALDataset::Bands::Iterator::Private
          ]
  D:\release-1911-x64-gdal-2-3-3-mapserver-7-2-1-libs\include\gdal_priv.h(483): note: 参见“std::unique_ptr<GDALDataset::Bands::Iterator::Private,std::default_delete<_Ty>>”的声明
          with
          [
              _Ty=GDALDataset::Bands::Iterator::Private
          ]
D:\release-1911-x64-gdal-2-3-3-mapserver-7-2-1-libs\include\gdal_priv.h(670): warning C4251: “GDALDataset::Layers::Iterator::m_poPrivate”: class“std::unique_ptr<GDALDataset::Layers::Iterator::Private,std::default_delete<_Ty>>”需要有 dll 接口由 class“GDALDataset::Layers::Iterator”的客户端使用
          with
          [
              _Ty=GDALDataset::Layers::Iterator::Private
          ]
  D:\release-1911-x64-gdal-2-3-3-mapserver-7-2-1-libs\include\gdal_priv.h(670): note: 参见“std::unique_ptr<GDALDataset::Layers::Iterator::Private,std::default_delete<_Ty>>”的声明
          with
          [
              _Ty=GDALDataset::Layers::Iterator::Private
          ]
D:\release-1911-x64-gdal-2-3-3-mapserver-7-2-1-libs\include\gdal_priv.h(728): warning C4251: “GDALDataset::Features::Iterator::m_poPrivate”: class“std::unique_ptr<GDALDataset::Features::Iterator::Private,std::default_delete<_Ty>>”需要有 dll 接口由 class“GDALDataset::Features::Iterator”的客户端使用
          with
          [
              _Ty=GDALDataset::Features::Iterator::Private
          ]
  D:\release-1911-x64-gdal-2-3-3-mapserver-7-2-1-libs\include\gdal_priv.h(728): note: 参见“std::unique_ptr<GDALDataset::Features::Iterator::Private,std::default_delete<_Ty>>”的声明
          with
          [
              _Ty=GDALDataset::Features::Iterator::Private
          ]
D:\release-1911-x64-gdal-2-3-3-mapserver-7-2-1-libs\include\gdal_priv.h(953): warning C4251: “GDALColorTable::aoEntries”: class“std::vector<GDALColorEntry,std::allocator<_Ty>>”需要有 dll 接口由 class“GDALColorTable”的客户端使用
          with
          [
              _Ty=GDALColorEntry
          ]
  D:\release-1911-x64-gdal-2-3-3-mapserver-7-2-1-libs\include\gdal_priv.h(953): note: 参见“std::vector<GDALColorEntry,std::allocator<_Ty>>”的声明
          with
          [
              _Ty=GDALColorEntry
          ]
D:\release-1911-x64-gdal-2-3-3-mapserver-7-2-1-libs\include\gdal_priv.h(1516): warning C4251: “GDALDriverManager::oMapNameToDrivers”: class“std::map<CPLString,GDALDriver *,std::less<_Kty>,std::allocator<std::pair<const _Kty,_Ty>>>”需要有 dll 接口由 class“GDALDriverManager”的客户端使用
          with
          [
              _Kty=CPLString,
              _Ty=GDALDriver *
          ]
  D:\release-1911-x64-gdal-2-3-3-mapserver-7-2-1-libs\include\gdal_priv.h(1516): note: 参见“std::map<CPLString,GDALDriver *,std::less<_Kty>,std::allocator<std::pair<const _Kty,_Ty>>>”的声明
          with
          [
              _Kty=CPLString,
              _Ty=GDALDriver *
          ]
d:\cesium-terrain-builder-master-quantized-mesh\source\src\gdaloverviewdataset.cpp(457): warning C4996: 'stricmp': The POSIX name for this item is deprecated. Instead, use the ISO C and C++ conformant name: _stricmp. See online help for details.
  C:\Program Files (x86)\Windows Kits\10\Include\10.0.17763.0\ucrt\string.h(549): note: 参见“stricmp”的声明
d:\cesium-terrain-builder-master-quantized-mesh\source\src\gdaloverviewdataset.cpp(481): warning C4996: 'stricmp': The POSIX name for this item is deprecated. Instead, use the ISO C and C++ conformant name: _stricmp. See online help for details.
  C:\Program Files (x86)\Windows Kits\10\Include\10.0.17763.0\ucrt\string.h(549): note: 参见“stricmp”的声明
d:\cesium-terrain-builder-master-quantized-mesh\source\src\gdaloverviewdataset.cpp(522): warning C4996: 'stricmp': The POSIX name for this item is deprecated. Instead, use the ISO C and C++ conformant name: _stricmp. See online help for details.
  C:\Program Files (x86)\Windows Kits\10\Include\10.0.17763.0\ucrt\string.h(549): note: 参见“stricmp”的声明
d:\cesium-terrain-builder-master-quantized-mesh\source\src\gdaloverviewdataset.cpp(523): warning C4996: 'stricmp': The POSIX name for this item is deprecated. Instead, use the ISO C and C++ conformant name: _stricmp. See online help for details.
  C:\Program Files (x86)\Windows Kits\10\Include\10.0.17763.0\ucrt\string.h(549): note: 参见“stricmp”的声明
d:\cesium-terrain-builder-master-quantized-mesh\source\src\Grid.hpp(139): warning C4244: “初始化”: 从“double”转换到“ctb::i_pixel”，可能丢失数据
d:\cesium-terrain-builder-master-quantized-mesh\source\src\Grid.hpp(140): warning C4244: “初始化”: 从“double”转换到“ctb::i_pixel”，可能丢失数据
d:\cesium-terrain-builder-master-quantized-mesh\source\src\GlobalGeodetic.hpp(39): warning C4275: 非 dll 接口 class“ctb::Grid”用作 dll 接口 class“ctb::GlobalGeodetic”的基
  d:\cesium-terrain-builder-master-quantized-mesh\source\src\Grid.hpp(33): note: 参见“ctb::Grid”的声明
  d:\cesium-terrain-builder-master-quantized-mesh\source\src\GlobalGeodetic.hpp(29): note: 参见“ctb::GlobalGeodetic”的声明
d:\cesium-terrain-builder-master-quantized-mesh\source\src\GDALTile.hpp(47): warning C4275: 非 dll 接口 class“ctb::Tile”用作 dll 接口 class“ctb::GDALTile”的基
  d:\cesium-terrain-builder-master-quantized-mesh\source\src\Tile.hpp(28): note: 参见“ctb::Tile”的声明
  d:\cesium-terrain-builder-master-quantized-mesh\source\src\GDALTile.hpp(31): note: 参见“ctb::GDALTile”的声明
d:\cesium-terrain-builder-master-quantized-mesh\source\src\GDALTiler.hpp(169): warning C4251: “ctb::GDALTiler::mGrid”: class“ctb::Grid”需要有 dll 接口由 class“ctb::GDALTiler”的客户端使用
  d:\cesium-terrain-builder-master-quantized-mesh\source\src\Grid.hpp(33): note: 参见“ctb::Grid”的声明
d:\cesium-terrain-builder-master-quantized-mesh\source\src\GDALTiler.hpp(177): warning C4251: “ctb::GDALTiler::mBounds”: class“ctb::Bounds<double>”需要有 dll 接口由 class“ctb::GDALTiler”的客户端使用
  d:\cesium-terrain-builder-master-quantized-mesh\source\src\types.hpp(44): note: 参见“ctb::Bounds<double>”的声明
d:\cesium-terrain-builder-master-quantized-mesh\source\src\GDALTiler.hpp(188): warning C4251: “ctb::GDALTiler::crsWKT”: class“std::basic_string<char,std::char_traits<char>,std::allocator<char>>”需要有 dll 接口由 class“ctb::GDALTiler”的客户端使用
  C:\Program Files (x86)\Microsoft Visual Studio\2017\Community\VC\Tools\MSVC\14.16.27023\include\xstring(4373): note: 参见“std::basic_string<char,std::char_traits<char>,std::allocator<char>>”的声明
d:\cesium-terrain-builder-master-quantized-mesh\source\src\GDALTiler.hpp(189): warning C4521: “ctb::GDALTiler”: 指定了多个复制构造函数
D:\cesium-terrain-builder-master-quantized-mesh\source\src\GDALTiler.cpp(96): warning C4805: “!=”: 在操作中将类型“int”与类型“bool”混合不安全
  GDALDatasetReader.cpp
d:\release-1911-x64-gdal-2-3-3-mapserver-7-2-1-libs\include\ogr_featurestyle.h(89): warning C4251: “OGRStyleTable::osLastRequestedStyleName”: class“CPLStringT<void>”需要有 dll 接口由 class“OGRStyleTable”的客户端使用
  d:\release-1911-x64-gdal-2-3-3-mapserver-7-2-1-libs\include\cpl_string.h(323): note: 参见“CPLStringT<void>”的声明
d:\release-1911-x64-gdal-2-3-3-mapserver-7-2-1-libs\include\cpl_json.h(153): warning C4251: “CPLJSONObject::m_osKey”: class“std::basic_string<char,std::char_traits<char>,std::allocator<char>>”需要有 dll 接口由 class“CPLJSONObject”的客户端使用
  C:\Program Files (x86)\Microsoft Visual Studio\2017\Community\VC\Tools\MSVC\14.16.27023\include\xstring(4373): note: 参见“std::basic_string<char,std::char_traits<char>,std::allocator<char>>”的声明
d:\release-1911-x64-gdal-2-3-3-mapserver-7-2-1-libs\include\ogr_geometry.h(947): warning C4251: “OGRCurve::ConstIterator::m_poPrivate”: class“std::unique_ptr<OGRCurve::ConstIterator::Private,std::default_delete<_Ty>>”需要有 dll 接口由 class“OGRCurve::ConstIterator”的客户端使用
          with
          [
              _Ty=OGRCurve::ConstIterator::Private
          ]
  d:\release-1911-x64-gdal-2-3-3-mapserver-7-2-1-libs\include\ogr_geometry.h(947): note: 参见“std::unique_ptr<OGRCurve::ConstIterator::Private,std::default_delete<_Ty>>”的声明
          with
          [
              _Ty=OGRCurve::ConstIterator::Private
          ]
d:\release-1911-x64-gdal-2-3-3-mapserver-7-2-1-libs\include\ogr_geometry.h(1066): warning C4251: “OGRSimpleCurve::Iterator::m_poPrivate”: class“std::unique_ptr<OGRSimpleCurve::Iterator::Private,std::default_delete<_Ty>>”需要有 dll 接口由 class“OGRSimpleCurve::Iterator”的客户端使用
          with
          [
              _Ty=OGRSimpleCurve::Iterator::Private
          ]
  d:\release-1911-x64-gdal-2-3-3-mapserver-7-2-1-libs\include\ogr_geometry.h(1066): note: 参见“std::unique_ptr<OGRSimpleCurve::Iterator::Private,std::default_delete<_Ty>>”的声明
          with
          [
              _Ty=OGRSimpleCurve::Iterator::Private
          ]
d:\release-1911-x64-gdal-2-3-3-mapserver-7-2-1-libs\include\ogr_geometry.h(1083): warning C4251: “OGRSimpleCurve::ConstIterator::m_poPrivate”: class“std::unique_ptr<OGRSimpleCurve::ConstIterator::Private,std::default_delete<_Ty>>”需要有 dll 接口由 class“OGRSimpleCurve::ConstIterator”的客户端使用
          with
          [
              _Ty=OGRSimpleCurve::ConstIterator::Private
          ]
  d:\release-1911-x64-gdal-2-3-3-mapserver-7-2-1-libs\include\ogr_geometry.h(1083): note: 参见“std::unique_ptr<OGRSimpleCurve::ConstIterator::Private,std::default_delete<_Ty>>”的声明
          with
          [
              _Ty=OGRSimpleCurve::ConstIterator::Private
          ]
d:\release-1911-x64-gdal-2-3-3-mapserver-7-2-1-libs\include\ogr_feature.h(384): warning C4251: “OGRFeature::FieldValue::m_poPrivate”: class“std::unique_ptr<OGRFeature::FieldValue::Private,std::default_delete<_Ty>>”需要有 dll 接口由 class“OGRFeature::FieldValue”的客户端使用
          with
          [
              _Ty=OGRFeature::FieldValue::Private
          ]
  d:\release-1911-x64-gdal-2-3-3-mapserver-7-2-1-libs\include\ogr_feature.h(384): note: 参见“std::unique_ptr<OGRFeature::FieldValue::Private,std::default_delete<_Ty>>”的声明
          with
          [
              _Ty=OGRFeature::FieldValue::Private
          ]
d:\release-1911-x64-gdal-2-3-3-mapserver-7-2-1-libs\include\ogr_feature.h(527): warning C4251: “OGRFeature::ConstFieldIterator::m_poPrivate”: class“std::unique_ptr<OGRFeature::ConstFieldIterator::Private,std::default_delete<_Ty>>”需要有 dll 接口由 class“OGRFeature::ConstFieldIterator”的客户端使用
          with
          [
              _Ty=OGRFeature::ConstFieldIterator::Private
          ]
  d:\release-1911-x64-gdal-2-3-3-mapserver-7-2-1-libs\include\ogr_feature.h(527): note: 参见“std::unique_ptr<OGRFeature::ConstFieldIterator::Private,std::default_delete<_Ty>>”的声明
          with
          [
              _Ty=OGRFeature::ConstFieldIterator::Private
          ]
D:\release-1911-x64-gdal-2-3-3-mapserver-7-2-1-libs\include\gdal_priv.h(137): warning C4251: “GDALMajorObject::sDescription”: class“CPLStringT<void>”需要有 dll 接口由 class“GDALMajorObject”的客户端使用
  d:\release-1911-x64-gdal-2-3-3-mapserver-7-2-1-libs\include\cpl_string.h(323): note: 参见“CPLStringT<void>”的声明
D:\release-1911-x64-gdal-2-3-3-mapserver-7-2-1-libs\include\gdal_priv.h(190): warning C4251: “GDALDefaultOverviews::osOvrFilename”: class“CPLStringT<void>”需要有 dll 接口由 class“GDALDefaultOverviews”的客户端使用
  d:\release-1911-x64-gdal-2-3-3-mapserver-7-2-1-libs\include\cpl_string.h(323): note: 参见“CPLStringT<void>”的声明
D:\release-1911-x64-gdal-2-3-3-mapserver-7-2-1-libs\include\gdal_priv.h(483): warning C4251: “GDALDataset::Bands::Iterator::m_poPrivate”: class“std::unique_ptr<GDALDataset::Bands::Iterator::Private,std::default_delete<_Ty>>”需要有 dll 接口由 class“GDALDataset::Bands::Iterator”的客户端使用
          with
          [
              _Ty=GDALDataset::Bands::Iterator::Private
          ]
  D:\release-1911-x64-gdal-2-3-3-mapserver-7-2-1-libs\include\gdal_priv.h(483): note: 参见“std::unique_ptr<GDALDataset::Bands::Iterator::Private,std::default_delete<_Ty>>”的声明
          with
          [
              _Ty=GDALDataset::Bands::Iterator::Private
          ]
D:\release-1911-x64-gdal-2-3-3-mapserver-7-2-1-libs\include\gdal_priv.h(670): warning C4251: “GDALDataset::Layers::Iterator::m_poPrivate”: class“std::unique_ptr<GDALDataset::Layers::Iterator::Private,std::default_delete<_Ty>>”需要有 dll 接口由 class“GDALDataset::Layers::Iterator”的客户端使用
          with
          [
              _Ty=GDALDataset::Layers::Iterator::Private
          ]
  D:\release-1911-x64-gdal-2-3-3-mapserver-7-2-1-libs\include\gdal_priv.h(670): note: 参见“std::unique_ptr<GDALDataset::Layers::Iterator::Private,std::default_delete<_Ty>>”的声明
          with
          [
              _Ty=GDALDataset::Layers::Iterator::Private
          ]
D:\release-1911-x64-gdal-2-3-3-mapserver-7-2-1-libs\include\gdal_priv.h(728): warning C4251: “GDALDataset::Features::Iterator::m_poPrivate”: class“std::unique_ptr<GDALDataset::Features::Iterator::Private,std::default_delete<_Ty>>”需要有 dll 接口由 class“GDALDataset::Features::Iterator”的客户端使用
          with
          [
              _Ty=GDALDataset::Features::Iterator::Private
          ]
  D:\release-1911-x64-gdal-2-3-3-mapserver-7-2-1-libs\include\gdal_priv.h(728): note: 参见“std::unique_ptr<GDALDataset::Features::Iterator::Private,std::default_delete<_Ty>>”的声明
          with
          [
              _Ty=GDALDataset::Features::Iterator::Private
          ]
D:\release-1911-x64-gdal-2-3-3-mapserver-7-2-1-libs\include\gdal_priv.h(953): warning C4251: “GDALColorTable::aoEntries”: class“std::vector<GDALColorEntry,std::allocator<_Ty>>”需要有 dll 接口由 class“GDALColorTable”的客户端使用
          with
          [
              _Ty=GDALColorEntry
          ]
  D:\release-1911-x64-gdal-2-3-3-mapserver-7-2-1-libs\include\gdal_priv.h(953): note: 参见“std::vector<GDALColorEntry,std::allocator<_Ty>>”的声明
          with
          [
              _Ty=GDALColorEntry
          ]
D:\release-1911-x64-gdal-2-3-3-mapserver-7-2-1-libs\include\gdal_priv.h(1516): warning C4251: “GDALDriverManager::oMapNameToDrivers”: class“std::map<CPLString,GDALDriver *,std::less<_Kty>,std::allocator<std::pair<const _Kty,_Ty>>>”需要有 dll 接口由 class“GDALDriverManager”的客户端使用
          with
          [
              _Kty=CPLString,
              _Ty=GDALDriver *
          ]
  D:\release-1911-x64-gdal-2-3-3-mapserver-7-2-1-libs\include\gdal_priv.h(1516): note: 参见“std::map<CPLString,GDALDriver *,std::less<_Kty>,std::allocator<std::pair<const _Kty,_Ty>>>”的声明
          with
          [
              _Kty=CPLString,
              _Ty=GDALDriver *
          ]
d:\cesium-terrain-builder-master-quantized-mesh\source\src\Grid.hpp(139): warning C4244: “初始化”: 从“double”转换到“ctb::i_pixel”，可能丢失数据
d:\cesium-terrain-builder-master-quantized-mesh\source\src\Grid.hpp(140): warning C4244: “初始化”: 从“double”转换到“ctb::i_pixel”，可能丢失数据
d:\cesium-terrain-builder-master-quantized-mesh\source\src\GlobalGeodetic.hpp(39): warning C4275: 非 dll 接口 class“ctb::Grid”用作 dll 接口 class“ctb::GlobalGeodetic”的基
  d:\cesium-terrain-builder-master-quantized-mesh\source\src\Grid.hpp(33): note: 参见“ctb::Grid”的声明
  d:\cesium-terrain-builder-master-quantized-mesh\source\src\GlobalGeodetic.hpp(29): note: 参见“ctb::GlobalGeodetic”的声明
d:\cesium-terrain-builder-master-quantized-mesh\source\src\GDALTile.hpp(47): warning C4275: 非 dll 接口 class“ctb::Tile”用作 dll 接口 class“ctb::GDALTile”的基
  d:\cesium-terrain-builder-master-quantized-mesh\source\src\Tile.hpp(28): note: 参见“ctb::Tile”的声明
  d:\cesium-terrain-builder-master-quantized-mesh\source\src\GDALTile.hpp(31): note: 参见“ctb::GDALTile”的声明
d:\cesium-terrain-builder-master-quantized-mesh\source\src\GDALTiler.hpp(169): warning C4251: “ctb::GDALTiler::mGrid”: class“ctb::Grid”需要有 dll 接口由 class“ctb::GDALTiler”的客户端使用
  d:\cesium-terrain-builder-master-quantized-mesh\source\src\Grid.hpp(33): note: 参见“ctb::Grid”的声明
d:\cesium-terrain-builder-master-quantized-mesh\source\src\GDALTiler.hpp(177): warning C4251: “ctb::GDALTiler::mBounds”: class“ctb::Bounds<double>”需要有 dll 接口由 class“ctb::GDALTiler”的客户端使用
  d:\cesium-terrain-builder-master-quantized-mesh\source\src\types.hpp(44): note: 参见“ctb::Bounds<double>”的声明
d:\cesium-terrain-builder-master-quantized-mesh\source\src\GDALTiler.hpp(188): warning C4251: “ctb::GDALTiler::crsWKT”: class“std::basic_string<char,std::char_traits<char>,std::allocator<char>>”需要有 dll 接口由 class“ctb::GDALTiler”的客户端使用
  C:\Program Files (x86)\Microsoft Visual Studio\2017\Community\VC\Tools\MSVC\14.16.27023\include\xstring(4373): note: 参见“std::basic_string<char,std::char_traits<char>,std::allocator<char>>”的声明
d:\cesium-terrain-builder-master-quantized-mesh\source\src\GDALTiler.hpp(189): warning C4521: “ctb::GDALTiler”: 指定了多个复制构造函数
d:\cesium-terrain-builder-master-quantized-mesh\source\src\GDALDatasetReader.hpp(95): warning C4251: “ctb::GDALDatasetReaderWithOverviews::mOverviews”: class“std::vector<GDALDataset *,std::allocator<_Ty>>”需要有 dll 接口由 class“ctb::GDALDatasetReaderWithOverviews”的客户端使用
          with
          [
              _Ty=GDALDataset *
          ]
  d:\cesium-terrain-builder-master-quantized-mesh\source\src\GDALDatasetReader.hpp(95): note: 参见“std::vector<GDALDataset *,std::allocator<_Ty>>”的声明
          with
          [
              _Ty=GDALDataset *
          ]
d:\cesium-terrain-builder-master-quantized-mesh\source\src\TerrainTile.hpp(147): warning C4251: “ctb::Terrain::mHeights”: class“std::vector<ctb::i_terrain_height,std::allocator<_Ty>>”需要有 dll 接口由 class“ctb::Terrain”的客户端使用
          with
          [
              _Ty=ctb::i_terrain_height
          ]
  d:\cesium-terrain-builder-master-quantized-mesh\source\src\TerrainTile.hpp(138): note: 参见“std::vector<ctb::i_terrain_height,std::allocator<_Ty>>”的声明
          with
          [
              _Ty=ctb::i_terrain_height
          ]
d:\cesium-terrain-builder-master-quantized-mesh\source\src\TerrainTile.hpp(190): warning C4275: 非 dll 接口 class“ctb::Tile”用作 dll 接口 class“ctb::TerrainTile”的基
  d:\cesium-terrain-builder-master-quantized-mesh\source\src\Tile.hpp(28): note: 参见“ctb::Tile”的声明
  d:\cesium-terrain-builder-master-quantized-mesh\source\src\TerrainTile.hpp(36): note: 参见“ctb::TerrainTile”的声明
D:\cesium-terrain-builder-master-quantized-mesh\source\src\GDALDatasetReader.cpp(103): warning C4267: “初始化”: 从“size_t”转换到“int”，可能丢失数据
D:\cesium-terrain-builder-master-quantized-mesh\source\src\GDALDatasetReader.cpp(151): warning C4267: “初始化”: 从“size_t”转换到“int”，可能丢失数据
  CTBFileTileSerializer.cpp
d:\release-1911-x64-gdal-2-3-3-mapserver-7-2-1-libs\include\ogr_featurestyle.h(89): warning C4251: “OGRStyleTable::osLastRequestedStyleName”: class“CPLStringT<void>”需要有 dll 接口由 class“OGRStyleTable”的客户端使用
  d:\release-1911-x64-gdal-2-3-3-mapserver-7-2-1-libs\include\cpl_string.h(323): note: 参见“CPLStringT<void>”的声明
d:\release-1911-x64-gdal-2-3-3-mapserver-7-2-1-libs\include\cpl_json.h(153): warning C4251: “CPLJSONObject::m_osKey”: class“std::basic_string<char,std::char_traits<char>,std::allocator<char>>”需要有 dll 接口由 class“CPLJSONObject”的客户端使用
  C:\Program Files (x86)\Microsoft Visual Studio\2017\Community\VC\Tools\MSVC\14.16.27023\include\xstring(4373): note: 参见“std::basic_string<char,std::char_traits<char>,std::allocator<char>>”的声明
d:\release-1911-x64-gdal-2-3-3-mapserver-7-2-1-libs\include\ogr_geometry.h(947): warning C4251: “OGRCurve::ConstIterator::m_poPrivate”: class“std::unique_ptr<OGRCurve::ConstIterator::Private,std::default_delete<_Ty>>”需要有 dll 接口由 class“OGRCurve::ConstIterator”的客户端使用
          with
          [
              _Ty=OGRCurve::ConstIterator::Private
          ]
  d:\release-1911-x64-gdal-2-3-3-mapserver-7-2-1-libs\include\ogr_geometry.h(947): note: 参见“std::unique_ptr<OGRCurve::ConstIterator::Private,std::default_delete<_Ty>>”的声明
          with
          [
              _Ty=OGRCurve::ConstIterator::Private
          ]
d:\release-1911-x64-gdal-2-3-3-mapserver-7-2-1-libs\include\ogr_geometry.h(1066): warning C4251: “OGRSimpleCurve::Iterator::m_poPrivate”: class“std::unique_ptr<OGRSimpleCurve::Iterator::Private,std::default_delete<_Ty>>”需要有 dll 接口由 class“OGRSimpleCurve::Iterator”的客户端使用
          with
          [
              _Ty=OGRSimpleCurve::Iterator::Private
          ]
  d:\release-1911-x64-gdal-2-3-3-mapserver-7-2-1-libs\include\ogr_geometry.h(1066): note: 参见“std::unique_ptr<OGRSimpleCurve::Iterator::Private,std::default_delete<_Ty>>”的声明
          with
          [
              _Ty=OGRSimpleCurve::Iterator::Private
          ]
d:\release-1911-x64-gdal-2-3-3-mapserver-7-2-1-libs\include\ogr_geometry.h(1083): warning C4251: “OGRSimpleCurve::ConstIterator::m_poPrivate”: class“std::unique_ptr<OGRSimpleCurve::ConstIterator::Private,std::default_delete<_Ty>>”需要有 dll 接口由 class“OGRSimpleCurve::ConstIterator”的客户端使用
          with
          [
              _Ty=OGRSimpleCurve::ConstIterator::Private
          ]
  d:\release-1911-x64-gdal-2-3-3-mapserver-7-2-1-libs\include\ogr_geometry.h(1083): note: 参见“std::unique_ptr<OGRSimpleCurve::ConstIterator::Private,std::default_delete<_Ty>>”的声明
          with
          [
              _Ty=OGRSimpleCurve::ConstIterator::Private
          ]
d:\release-1911-x64-gdal-2-3-3-mapserver-7-2-1-libs\include\ogr_feature.h(384): warning C4251: “OGRFeature::FieldValue::m_poPrivate”: class“std::unique_ptr<OGRFeature::FieldValue::Private,std::default_delete<_Ty>>”需要有 dll 接口由 class“OGRFeature::FieldValue”的客户端使用
          with
          [
              _Ty=OGRFeature::FieldValue::Private
          ]
  d:\release-1911-x64-gdal-2-3-3-mapserver-7-2-1-libs\include\ogr_feature.h(384): note: 参见“std::unique_ptr<OGRFeature::FieldValue::Private,std::default_delete<_Ty>>”的声明
          with
          [
              _Ty=OGRFeature::FieldValue::Private
          ]
d:\release-1911-x64-gdal-2-3-3-mapserver-7-2-1-libs\include\ogr_feature.h(527): warning C4251: “OGRFeature::ConstFieldIterator::m_poPrivate”: class“std::unique_ptr<OGRFeature::ConstFieldIterator::Private,std::default_delete<_Ty>>”需要有 dll 接口由 class“OGRFeature::ConstFieldIterator”的客户端使用
          with
          [
              _Ty=OGRFeature::ConstFieldIterator::Private
          ]
  d:\release-1911-x64-gdal-2-3-3-mapserver-7-2-1-libs\include\ogr_feature.h(527): note: 参见“std::unique_ptr<OGRFeature::ConstFieldIterator::Private,std::default_delete<_Ty>>”的声明
          with
          [
              _Ty=OGRFeature::ConstFieldIterator::Private
          ]
D:\release-1911-x64-gdal-2-3-3-mapserver-7-2-1-libs\include\gdal_priv.h(137): warning C4251: “GDALMajorObject::sDescription”: class“CPLStringT<void>”需要有 dll 接口由 class“GDALMajorObject”的客户端使用
  d:\release-1911-x64-gdal-2-3-3-mapserver-7-2-1-libs\include\cpl_string.h(323): note: 参见“CPLStringT<void>”的声明
D:\release-1911-x64-gdal-2-3-3-mapserver-7-2-1-libs\include\gdal_priv.h(190): warning C4251: “GDALDefaultOverviews::osOvrFilename”: class“CPLStringT<void>”需要有 dll 接口由 class“GDALDefaultOverviews”的客户端使用
  d:\release-1911-x64-gdal-2-3-3-mapserver-7-2-1-libs\include\cpl_string.h(323): note: 参见“CPLStringT<void>”的声明
D:\release-1911-x64-gdal-2-3-3-mapserver-7-2-1-libs\include\gdal_priv.h(483): warning C4251: “GDALDataset::Bands::Iterator::m_poPrivate”: class“std::unique_ptr<GDALDataset::Bands::Iterator::Private,std::default_delete<_Ty>>”需要有 dll 接口由 class“GDALDataset::Bands::Iterator”的客户端使用
          with
          [
              _Ty=GDALDataset::Bands::Iterator::Private
          ]
  D:\release-1911-x64-gdal-2-3-3-mapserver-7-2-1-libs\include\gdal_priv.h(483): note: 参见“std::unique_ptr<GDALDataset::Bands::Iterator::Private,std::default_delete<_Ty>>”的声明
          with
          [
              _Ty=GDALDataset::Bands::Iterator::Private
          ]
D:\release-1911-x64-gdal-2-3-3-mapserver-7-2-1-libs\include\gdal_priv.h(670): warning C4251: “GDALDataset::Layers::Iterator::m_poPrivate”: class“std::unique_ptr<GDALDataset::Layers::Iterator::Private,std::default_delete<_Ty>>”需要有 dll 接口由 class“GDALDataset::Layers::Iterator”的客户端使用
          with
          [
              _Ty=GDALDataset::Layers::Iterator::Private
          ]
  D:\release-1911-x64-gdal-2-3-3-mapserver-7-2-1-libs\include\gdal_priv.h(670): note: 参见“std::unique_ptr<GDALDataset::Layers::Iterator::Private,std::default_delete<_Ty>>”的声明
          with
          [
              _Ty=GDALDataset::Layers::Iterator::Private
          ]
D:\release-1911-x64-gdal-2-3-3-mapserver-7-2-1-libs\include\gdal_priv.h(728): warning C4251: “GDALDataset::Features::Iterator::m_poPrivate”: class“std::unique_ptr<GDALDataset::Features::Iterator::Private,std::default_delete<_Ty>>”需要有 dll 接口由 class“GDALDataset::Features::Iterator”的客户端使用
          with
          [
              _Ty=GDALDataset::Features::Iterator::Private
          ]
  D:\release-1911-x64-gdal-2-3-3-mapserver-7-2-1-libs\include\gdal_priv.h(728): note: 参见“std::unique_ptr<GDALDataset::Features::Iterator::Private,std::default_delete<_Ty>>”的声明
          with
          [
              _Ty=GDALDataset::Features::Iterator::Private
          ]
D:\release-1911-x64-gdal-2-3-3-mapserver-7-2-1-libs\include\gdal_priv.h(953): warning C4251: “GDALColorTable::aoEntries”: class“std::vector<GDALColorEntry,std::allocator<_Ty>>”需要有 dll 接口由 class“GDALColorTable”的客户端使用
          with
          [
              _Ty=GDALColorEntry
          ]
  D:\release-1911-x64-gdal-2-3-3-mapserver-7-2-1-libs\include\gdal_priv.h(953): note: 参见“std::vector<GDALColorEntry,std::allocator<_Ty>>”的声明
          with
          [
              _Ty=GDALColorEntry
          ]
D:\release-1911-x64-gdal-2-3-3-mapserver-7-2-1-libs\include\gdal_priv.h(1516): warning C4251: “GDALDriverManager::oMapNameToDrivers”: class“std::map<CPLString,GDALDriver *,std::less<_Kty>,std::allocator<std::pair<const _Kty,_Ty>>>”需要有 dll 接口由 class“GDALDriverManager”的客户端使用
          with
          [
              _Kty=CPLString,
              _Ty=GDALDriver *
          ]
  D:\release-1911-x64-gdal-2-3-3-mapserver-7-2-1-libs\include\gdal_priv.h(1516): note: 参见“std::map<CPLString,GDALDriver *,std::less<_Kty>,std::allocator<std::pair<const _Kty,_Ty>>>”的声明
          with
          [
              _Kty=CPLString,
              _Ty=GDALDriver *
          ]
d:\cesium-terrain-builder-master-quantized-mesh\source\src\Grid.hpp(139): warning C4244: “初始化”: 从“double”转换到“ctb::i_pixel”，可能丢失数据
d:\cesium-terrain-builder-master-quantized-mesh\source\src\Grid.hpp(140): warning C4244: “初始化”: 从“double”转换到“ctb::i_pixel”，可能丢失数据
d:\cesium-terrain-builder-master-quantized-mesh\source\src\GDALTile.hpp(47): warning C4275: 非 dll 接口 class“ctb::Tile”用作 dll 接口 class“ctb::GDALTile”的基
  d:\cesium-terrain-builder-master-quantized-mesh\source\src\Tile.hpp(28): note: 参见“ctb::Tile”的声明
  d:\cesium-terrain-builder-master-quantized-mesh\source\src\GDALTile.hpp(31): note: 参见“ctb::GDALTile”的声明
d:\cesium-terrain-builder-master-quantized-mesh\source\src\TerrainTile.hpp(147): warning C4251: “ctb::Terrain::mHeights”: class“std::vector<ctb::i_terrain_height,std::allocator<_Ty>>”需要有 dll 接口由 class“ctb::Terrain”的客户端使用
          with
          [
              _Ty=ctb::i_terrain_height
          ]
  d:\cesium-terrain-builder-master-quantized-mesh\source\src\TerrainTile.hpp(138): note: 参见“std::vector<ctb::i_terrain_height,std::allocator<_Ty>>”的声明
          with
          [
              _Ty=ctb::i_terrain_height
          ]
d:\cesium-terrain-builder-master-quantized-mesh\source\src\TerrainTile.hpp(190): warning C4275: 非 dll 接口 class“ctb::Tile”用作 dll 接口 class“ctb::TerrainTile”的基
  d:\cesium-terrain-builder-master-quantized-mesh\source\src\Tile.hpp(28): note: 参见“ctb::Tile”的声明
  d:\cesium-terrain-builder-master-quantized-mesh\source\src\TerrainTile.hpp(36): note: 参见“ctb::TerrainTile”的声明
d:\cesium-terrain-builder-master-quantized-mesh\source\src\Mesh.hpp(66): warning C4267: “初始化”: 从“size_t”转换到“int”，可能丢失数据
d:\cesium-terrain-builder-master-quantized-mesh\source\src\Mesh.hpp(57): warning C4996: 'fopen': This function or variable may be unsafe. Consider using fopen_s instead. To disable deprecation, use _CRT_SECURE_NO_WARNINGS. See online help for details.
  C:\Program Files (x86)\Windows Kits\10\Include\10.0.17763.0\ucrt\stdio.h(208): note: 参见“fopen”的声明
d:\cesium-terrain-builder-master-quantized-mesh\source\src\Mesh.hpp(71): warning C4996: 'sprintf': This function or variable may be unsafe. Consider using sprintf_s instead. To disable deprecation, use _CRT_SECURE_NO_WARNINGS. See online help for details.
  C:\Program Files (x86)\Windows Kits\10\Include\10.0.17763.0\ucrt\stdio.h(1774): note: 参见“sprintf”的声明
d:\cesium-terrain-builder-master-quantized-mesh\source\src\MeshTile.hpp(44): warning C4275: 非 dll 接口 class“ctb::Tile”用作 dll 接口 class“ctb::MeshTile”的基
  d:\cesium-terrain-builder-master-quantized-mesh\source\src\Tile.hpp(28): note: 参见“ctb::Tile”的声明
  d:\cesium-terrain-builder-master-quantized-mesh\source\src\MeshTile.hpp(33): note: 参见“ctb::MeshTile”的声明
d:\cesium-terrain-builder-master-quantized-mesh\source\src\MeshTile.hpp(112): warning C4251: “ctb::MeshTile::mMesh”: class“ctb::Mesh”需要有 dll 接口由 class“ctb::MeshTile”的客户端使用
  d:\cesium-terrain-builder-master-quantized-mesh\source\src\Mesh.hpp(33): note: 参见“ctb::Mesh”的声明
d:\cesium-terrain-builder-master-quantized-mesh\source\src\CTBFileTileSerializer.hpp(69): warning C4251: “ctb::CTBFileTileSerializer::moutputDir”: class“std::basic_string<char,std::char_traits<char>,std::allocator<char>>”需要有 dll 接口由 class“ctb::CTBFileTileSerializer”的客户端使用
  C:\Program Files (x86)\Microsoft Visual Studio\2017\Community\VC\Tools\MSVC\14.16.27023\include\xstring(4373): note: 参见“std::basic_string<char,std::char_traits<char>,std::allocator<char>>”的声明
  CTBFileOutputStream.cpp
  CTBZOutputStream.cpp
  TerrainTiler.cpp
d:\release-1911-x64-gdal-2-3-3-mapserver-7-2-1-libs\include\ogr_featurestyle.h(89): warning C4251: “OGRStyleTable::osLastRequestedStyleName”: class“CPLStringT<void>”需要有 dll 接口由 class“OGRStyleTable”的客户端使用
  d:\release-1911-x64-gdal-2-3-3-mapserver-7-2-1-libs\include\cpl_string.h(323): note: 参见“CPLStringT<void>”的声明
d:\release-1911-x64-gdal-2-3-3-mapserver-7-2-1-libs\include\cpl_json.h(153): warning C4251: “CPLJSONObject::m_osKey”: class“std::basic_string<char,std::char_traits<char>,std::allocator<char>>”需要有 dll 接口由 class“CPLJSONObject”的客户端使用
  C:\Program Files (x86)\Microsoft Visual Studio\2017\Community\VC\Tools\MSVC\14.16.27023\include\xstring(4373): note: 参见“std::basic_string<char,std::char_traits<char>,std::allocator<char>>”的声明
d:\release-1911-x64-gdal-2-3-3-mapserver-7-2-1-libs\include\ogr_geometry.h(947): warning C4251: “OGRCurve::ConstIterator::m_poPrivate”: class“std::unique_ptr<OGRCurve::ConstIterator::Private,std::default_delete<_Ty>>”需要有 dll 接口由 class“OGRCurve::ConstIterator”的客户端使用
          with
          [
              _Ty=OGRCurve::ConstIterator::Private
          ]
  d:\release-1911-x64-gdal-2-3-3-mapserver-7-2-1-libs\include\ogr_geometry.h(947): note: 参见“std::unique_ptr<OGRCurve::ConstIterator::Private,std::default_delete<_Ty>>”的声明
          with
          [
              _Ty=OGRCurve::ConstIterator::Private
          ]
d:\release-1911-x64-gdal-2-3-3-mapserver-7-2-1-libs\include\ogr_geometry.h(1066): warning C4251: “OGRSimpleCurve::Iterator::m_poPrivate”: class“std::unique_ptr<OGRSimpleCurve::Iterator::Private,std::default_delete<_Ty>>”需要有 dll 接口由 class“OGRSimpleCurve::Iterator”的客户端使用
          with
          [
              _Ty=OGRSimpleCurve::Iterator::Private
          ]
  d:\release-1911-x64-gdal-2-3-3-mapserver-7-2-1-libs\include\ogr_geometry.h(1066): note: 参见“std::unique_ptr<OGRSimpleCurve::Iterator::Private,std::default_delete<_Ty>>”的声明
          with
          [
              _Ty=OGRSimpleCurve::Iterator::Private
          ]
d:\release-1911-x64-gdal-2-3-3-mapserver-7-2-1-libs\include\ogr_geometry.h(1083): warning C4251: “OGRSimpleCurve::ConstIterator::m_poPrivate”: class“std::unique_ptr<OGRSimpleCurve::ConstIterator::Private,std::default_delete<_Ty>>”需要有 dll 接口由 class“OGRSimpleCurve::ConstIterator”的客户端使用
          with
          [
              _Ty=OGRSimpleCurve::ConstIterator::Private
          ]
  d:\release-1911-x64-gdal-2-3-3-mapserver-7-2-1-libs\include\ogr_geometry.h(1083): note: 参见“std::unique_ptr<OGRSimpleCurve::ConstIterator::Private,std::default_delete<_Ty>>”的声明
          with
          [
              _Ty=OGRSimpleCurve::ConstIterator::Private
          ]
d:\release-1911-x64-gdal-2-3-3-mapserver-7-2-1-libs\include\ogr_feature.h(384): warning C4251: “OGRFeature::FieldValue::m_poPrivate”: class“std::unique_ptr<OGRFeature::FieldValue::Private,std::default_delete<_Ty>>”需要有 dll 接口由 class“OGRFeature::FieldValue”的客户端使用
          with
          [
              _Ty=OGRFeature::FieldValue::Private
          ]
  d:\release-1911-x64-gdal-2-3-3-mapserver-7-2-1-libs\include\ogr_feature.h(384): note: 参见“std::unique_ptr<OGRFeature::FieldValue::Private,std::default_delete<_Ty>>”的声明
          with
          [
              _Ty=OGRFeature::FieldValue::Private
          ]
d:\release-1911-x64-gdal-2-3-3-mapserver-7-2-1-libs\include\ogr_feature.h(527): warning C4251: “OGRFeature::ConstFieldIterator::m_poPrivate”: class“std::unique_ptr<OGRFeature::ConstFieldIterator::Private,std::default_delete<_Ty>>”需要有 dll 接口由 class“OGRFeature::ConstFieldIterator”的客户端使用
          with
          [
              _Ty=OGRFeature::ConstFieldIterator::Private
          ]
  d:\release-1911-x64-gdal-2-3-3-mapserver-7-2-1-libs\include\ogr_feature.h(527): note: 参见“std::unique_ptr<OGRFeature::ConstFieldIterator::Private,std::default_delete<_Ty>>”的声明
          with
          [
              _Ty=OGRFeature::ConstFieldIterator::Private
          ]
D:\release-1911-x64-gdal-2-3-3-mapserver-7-2-1-libs\include\gdal_priv.h(137): warning C4251: “GDALMajorObject::sDescription”: class“CPLStringT<void>”需要有 dll 接口由 class“GDALMajorObject”的客户端使用
  d:\release-1911-x64-gdal-2-3-3-mapserver-7-2-1-libs\include\cpl_string.h(323): note: 参见“CPLStringT<void>”的声明
D:\release-1911-x64-gdal-2-3-3-mapserver-7-2-1-libs\include\gdal_priv.h(190): warning C4251: “GDALDefaultOverviews::osOvrFilename”: class“CPLStringT<void>”需要有 dll 接口由 class“GDALDefaultOverviews”的客户端使用
  d:\release-1911-x64-gdal-2-3-3-mapserver-7-2-1-libs\include\cpl_string.h(323): note: 参见“CPLStringT<void>”的声明
D:\release-1911-x64-gdal-2-3-3-mapserver-7-2-1-libs\include\gdal_priv.h(483): warning C4251: “GDALDataset::Bands::Iterator::m_poPrivate”: class“std::unique_ptr<GDALDataset::Bands::Iterator::Private,std::default_delete<_Ty>>”需要有 dll 接口由 class“GDALDataset::Bands::Iterator”的客户端使用
          with
          [
              _Ty=GDALDataset::Bands::Iterator::Private
          ]
  D:\release-1911-x64-gdal-2-3-3-mapserver-7-2-1-libs\include\gdal_priv.h(483): note: 参见“std::unique_ptr<GDALDataset::Bands::Iterator::Private,std::default_delete<_Ty>>”的声明
          with
          [
              _Ty=GDALDataset::Bands::Iterator::Private
          ]
D:\release-1911-x64-gdal-2-3-3-mapserver-7-2-1-libs\include\gdal_priv.h(670): warning C4251: “GDALDataset::Layers::Iterator::m_poPrivate”: class“std::unique_ptr<GDALDataset::Layers::Iterator::Private,std::default_delete<_Ty>>”需要有 dll 接口由 class“GDALDataset::Layers::Iterator”的客户端使用
          with
          [
              _Ty=GDALDataset::Layers::Iterator::Private
          ]
  D:\release-1911-x64-gdal-2-3-3-mapserver-7-2-1-libs\include\gdal_priv.h(670): note: 参见“std::unique_ptr<GDALDataset::Layers::Iterator::Private,std::default_delete<_Ty>>”的声明
          with
          [
              _Ty=GDALDataset::Layers::Iterator::Private
          ]
D:\release-1911-x64-gdal-2-3-3-mapserver-7-2-1-libs\include\gdal_priv.h(728): warning C4251: “GDALDataset::Features::Iterator::m_poPrivate”: class“std::unique_ptr<GDALDataset::Features::Iterator::Private,std::default_delete<_Ty>>”需要有 dll 接口由 class“GDALDataset::Features::Iterator”的客户端使用
          with
          [
              _Ty=GDALDataset::Features::Iterator::Private
          ]
  D:\release-1911-x64-gdal-2-3-3-mapserver-7-2-1-libs\include\gdal_priv.h(728): note: 参见“std::unique_ptr<GDALDataset::Features::Iterator::Private,std::default_delete<_Ty>>”的声明
          with
          [
              _Ty=GDALDataset::Features::Iterator::Private
          ]
D:\release-1911-x64-gdal-2-3-3-mapserver-7-2-1-libs\include\gdal_priv.h(953): warning C4251: “GDALColorTable::aoEntries”: class“std::vector<GDALColorEntry,std::allocator<_Ty>>”需要有 dll 接口由 class“GDALColorTable”的客户端使用
          with
          [
              _Ty=GDALColorEntry
          ]
  D:\release-1911-x64-gdal-2-3-3-mapserver-7-2-1-libs\include\gdal_priv.h(953): note: 参见“std::vector<GDALColorEntry,std::allocator<_Ty>>”的声明
          with
          [
              _Ty=GDALColorEntry
          ]
D:\release-1911-x64-gdal-2-3-3-mapserver-7-2-1-libs\include\gdal_priv.h(1516): warning C4251: “GDALDriverManager::oMapNameToDrivers”: class“std::map<CPLString,GDALDriver *,std::less<_Kty>,std::allocator<std::pair<const _Kty,_Ty>>>”需要有 dll 接口由 class“GDALDriverManager”的客户端使用
          with
          [
              _Kty=CPLString,
              _Ty=GDALDriver *
          ]
  D:\release-1911-x64-gdal-2-3-3-mapserver-7-2-1-libs\include\gdal_priv.h(1516): note: 参见“std::map<CPLString,GDALDriver *,std::less<_Kty>,std::allocator<std::pair<const _Kty,_Ty>>>”的声明
          with
          [
              _Kty=CPLString,
              _Ty=GDALDriver *
          ]
d:\cesium-terrain-builder-master-quantized-mesh\source\src\Grid.hpp(139): warning C4244: “初始化”: 从“double”转换到“ctb::i_pixel”，可能丢失数据
d:\cesium-terrain-builder-master-quantized-mesh\source\src\Grid.hpp(140): warning C4244: “初始化”: 从“double”转换到“ctb::i_pixel”，可能丢失数据
d:\cesium-terrain-builder-master-quantized-mesh\source\src\TerrainTile.hpp(147): warning C4251: “ctb::Terrain::mHeights”: class“std::vector<ctb::i_terrain_height,std::allocator<_Ty>>”需要有 dll 接口由 class“ctb::Terrain”的客户端使用
          with
          [
              _Ty=ctb::i_terrain_height
          ]
  d:\cesium-terrain-builder-master-quantized-mesh\source\src\TerrainTile.hpp(138): note: 参见“std::vector<ctb::i_terrain_height,std::allocator<_Ty>>”的声明
          with
          [
              _Ty=ctb::i_terrain_height
          ]
d:\cesium-terrain-builder-master-quantized-mesh\source\src\TerrainTile.hpp(190): warning C4275: 非 dll 接口 class“ctb::Tile”用作 dll 接口 class“ctb::TerrainTile”的基
  d:\cesium-terrain-builder-master-quantized-mesh\source\src\Tile.hpp(28): note: 参见“ctb::Tile”的声明
  d:\cesium-terrain-builder-master-quantized-mesh\source\src\TerrainTile.hpp(36): note: 参见“ctb::TerrainTile”的声明
d:\cesium-terrain-builder-master-quantized-mesh\source\src\GlobalGeodetic.hpp(39): warning C4275: 非 dll 接口 class“ctb::Grid”用作 dll 接口 class“ctb::GlobalGeodetic”的基
  d:\cesium-terrain-builder-master-quantized-mesh\source\src\Grid.hpp(33): note: 参见“ctb::Grid”的声明
  d:\cesium-terrain-builder-master-quantized-mesh\source\src\GlobalGeodetic.hpp(29): note: 参见“ctb::GlobalGeodetic”的声明
d:\cesium-terrain-builder-master-quantized-mesh\source\src\GDALTile.hpp(47): warning C4275: 非 dll 接口 class“ctb::Tile”用作 dll 接口 class“ctb::GDALTile”的基
  d:\cesium-terrain-builder-master-quantized-mesh\source\src\Tile.hpp(28): note: 参见“ctb::Tile”的声明
  d:\cesium-terrain-builder-master-quantized-mesh\source\src\GDALTile.hpp(31): note: 参见“ctb::GDALTile”的声明
d:\cesium-terrain-builder-master-quantized-mesh\source\src\GDALTiler.hpp(169): warning C4251: “ctb::GDALTiler::mGrid”: class“ctb::Grid”需要有 dll 接口由 class“ctb::GDALTiler”的客户端使用
  d:\cesium-terrain-builder-master-quantized-mesh\source\src\Grid.hpp(33): note: 参见“ctb::Grid”的声明
d:\cesium-terrain-builder-master-quantized-mesh\source\src\GDALTiler.hpp(177): warning C4251: “ctb::GDALTiler::mBounds”: class“ctb::Bounds<double>”需要有 dll 接口由 class“ctb::GDALTiler”的客户端使用
  d:\cesium-terrain-builder-master-quantized-mesh\source\src\types.hpp(44): note: 参见“ctb::Bounds<double>”的声明
d:\cesium-terrain-builder-master-quantized-mesh\source\src\GDALTiler.hpp(188): warning C4251: “ctb::GDALTiler::crsWKT”: class“std::basic_string<char,std::char_traits<char>,std::allocator<char>>”需要有 dll 接口由 class“ctb::GDALTiler”的客户端使用
  C:\Program Files (x86)\Microsoft Visual Studio\2017\Community\VC\Tools\MSVC\14.16.27023\include\xstring(4373): note: 参见“std::basic_string<char,std::char_traits<char>,std::allocator<char>>”的声明
d:\cesium-terrain-builder-master-quantized-mesh\source\src\GDALTiler.hpp(189): warning C4521: “ctb::GDALTiler”: 指定了多个复制构造函数
d:\cesium-terrain-builder-master-quantized-mesh\source\src\GDALDatasetReader.hpp(95): warning C4251: “ctb::GDALDatasetReaderWithOverviews::mOverviews”: class“std::vector<GDALDataset *,std::allocator<_Ty>>”需要有 dll 接口由 class“ctb::GDALDatasetReaderWithOverviews”的客户端使用
          with
          [
              _Ty=GDALDataset *
          ]
  d:\cesium-terrain-builder-master-quantized-mesh\source\src\GDALDatasetReader.hpp(95): note: 参见“std::vector<GDALDataset *,std::allocator<_Ty>>”的声明
          with
          [
              _Ty=GDALDataset *
          ]
  TerrainTile.cpp
d:\release-1911-x64-gdal-2-3-3-mapserver-7-2-1-libs\include\ogr_featurestyle.h(89): warning C4251: “OGRStyleTable::osLastRequestedStyleName”: class“CPLStringT<void>”需要有 dll 接口由 class“OGRStyleTable”的客户端使用
  d:\release-1911-x64-gdal-2-3-3-mapserver-7-2-1-libs\include\cpl_string.h(323): note: 参见“CPLStringT<void>”的声明
d:\release-1911-x64-gdal-2-3-3-mapserver-7-2-1-libs\include\cpl_json.h(153): warning C4251: “CPLJSONObject::m_osKey”: class“std::basic_string<char,std::char_traits<char>,std::allocator<char>>”需要有 dll 接口由 class“CPLJSONObject”的客户端使用
  C:\Program Files (x86)\Microsoft Visual Studio\2017\Community\VC\Tools\MSVC\14.16.27023\include\xstring(4373): note: 参见“std::basic_string<char,std::char_traits<char>,std::allocator<char>>”的声明
d:\release-1911-x64-gdal-2-3-3-mapserver-7-2-1-libs\include\ogr_geometry.h(947): warning C4251: “OGRCurve::ConstIterator::m_poPrivate”: class“std::unique_ptr<OGRCurve::ConstIterator::Private,std::default_delete<_Ty>>”需要有 dll 接口由 class“OGRCurve::ConstIterator”的客户端使用
          with
          [
              _Ty=OGRCurve::ConstIterator::Private
          ]
  d:\release-1911-x64-gdal-2-3-3-mapserver-7-2-1-libs\include\ogr_geometry.h(947): note: 参见“std::unique_ptr<OGRCurve::ConstIterator::Private,std::default_delete<_Ty>>”的声明
          with
          [
              _Ty=OGRCurve::ConstIterator::Private
          ]
d:\release-1911-x64-gdal-2-3-3-mapserver-7-2-1-libs\include\ogr_geometry.h(1066): warning C4251: “OGRSimpleCurve::Iterator::m_poPrivate”: class“std::unique_ptr<OGRSimpleCurve::Iterator::Private,std::default_delete<_Ty>>”需要有 dll 接口由 class“OGRSimpleCurve::Iterator”的客户端使用
          with
          [
              _Ty=OGRSimpleCurve::Iterator::Private
          ]
  d:\release-1911-x64-gdal-2-3-3-mapserver-7-2-1-libs\include\ogr_geometry.h(1066): note: 参见“std::unique_ptr<OGRSimpleCurve::Iterator::Private,std::default_delete<_Ty>>”的声明
          with
          [
              _Ty=OGRSimpleCurve::Iterator::Private
          ]
d:\release-1911-x64-gdal-2-3-3-mapserver-7-2-1-libs\include\ogr_geometry.h(1083): warning C4251: “OGRSimpleCurve::ConstIterator::m_poPrivate”: class“std::unique_ptr<OGRSimpleCurve::ConstIterator::Private,std::default_delete<_Ty>>”需要有 dll 接口由 class“OGRSimpleCurve::ConstIterator”的客户端使用
          with
          [
              _Ty=OGRSimpleCurve::ConstIterator::Private
          ]
  d:\release-1911-x64-gdal-2-3-3-mapserver-7-2-1-libs\include\ogr_geometry.h(1083): note: 参见“std::unique_ptr<OGRSimpleCurve::ConstIterator::Private,std::default_delete<_Ty>>”的声明
          with
          [
              _Ty=OGRSimpleCurve::ConstIterator::Private
          ]
d:\release-1911-x64-gdal-2-3-3-mapserver-7-2-1-libs\include\ogr_feature.h(384): warning C4251: “OGRFeature::FieldValue::m_poPrivate”: class“std::unique_ptr<OGRFeature::FieldValue::Private,std::default_delete<_Ty>>”需要有 dll 接口由 class“OGRFeature::FieldValue”的客户端使用
          with
          [
              _Ty=OGRFeature::FieldValue::Private
          ]
  d:\release-1911-x64-gdal-2-3-3-mapserver-7-2-1-libs\include\ogr_feature.h(384): note: 参见“std::unique_ptr<OGRFeature::FieldValue::Private,std::default_delete<_Ty>>”的声明
          with
          [
              _Ty=OGRFeature::FieldValue::Private
          ]
d:\release-1911-x64-gdal-2-3-3-mapserver-7-2-1-libs\include\ogr_feature.h(527): warning C4251: “OGRFeature::ConstFieldIterator::m_poPrivate”: class“std::unique_ptr<OGRFeature::ConstFieldIterator::Private,std::default_delete<_Ty>>”需要有 dll 接口由 class“OGRFeature::ConstFieldIterator”的客户端使用
          with
          [
              _Ty=OGRFeature::ConstFieldIterator::Private
          ]
  d:\release-1911-x64-gdal-2-3-3-mapserver-7-2-1-libs\include\ogr_feature.h(527): note: 参见“std::unique_ptr<OGRFeature::ConstFieldIterator::Private,std::default_delete<_Ty>>”的声明
          with
          [
              _Ty=OGRFeature::ConstFieldIterator::Private
          ]
D:\release-1911-x64-gdal-2-3-3-mapserver-7-2-1-libs\include\gdal_priv.h(137): warning C4251: “GDALMajorObject::sDescription”: class“CPLStringT<void>”需要有 dll 接口由 class“GDALMajorObject”的客户端使用
  d:\release-1911-x64-gdal-2-3-3-mapserver-7-2-1-libs\include\cpl_string.h(323): note: 参见“CPLStringT<void>”的声明
D:\release-1911-x64-gdal-2-3-3-mapserver-7-2-1-libs\include\gdal_priv.h(190): warning C4251: “GDALDefaultOverviews::osOvrFilename”: class“CPLStringT<void>”需要有 dll 接口由 class“GDALDefaultOverviews”的客户端使用
  d:\release-1911-x64-gdal-2-3-3-mapserver-7-2-1-libs\include\cpl_string.h(323): note: 参见“CPLStringT<void>”的声明
D:\release-1911-x64-gdal-2-3-3-mapserver-7-2-1-libs\include\gdal_priv.h(483): warning C4251: “GDALDataset::Bands::Iterator::m_poPrivate”: class“std::unique_ptr<GDALDataset::Bands::Iterator::Private,std::default_delete<_Ty>>”需要有 dll 接口由 class“GDALDataset::Bands::Iterator”的客户端使用
          with
          [
              _Ty=GDALDataset::Bands::Iterator::Private
          ]
  D:\release-1911-x64-gdal-2-3-3-mapserver-7-2-1-libs\include\gdal_priv.h(483): note: 参见“std::unique_ptr<GDALDataset::Bands::Iterator::Private,std::default_delete<_Ty>>”的声明
          with
          [
              _Ty=GDALDataset::Bands::Iterator::Private
          ]
D:\release-1911-x64-gdal-2-3-3-mapserver-7-2-1-libs\include\gdal_priv.h(670): warning C4251: “GDALDataset::Layers::Iterator::m_poPrivate”: class“std::unique_ptr<GDALDataset::Layers::Iterator::Private,std::default_delete<_Ty>>”需要有 dll 接口由 class“GDALDataset::Layers::Iterator”的客户端使用
          with
          [
              _Ty=GDALDataset::Layers::Iterator::Private
          ]
  D:\release-1911-x64-gdal-2-3-3-mapserver-7-2-1-libs\include\gdal_priv.h(670): note: 参见“std::unique_ptr<GDALDataset::Layers::Iterator::Private,std::default_delete<_Ty>>”的声明
          with
          [
              _Ty=GDALDataset::Layers::Iterator::Private
          ]
D:\release-1911-x64-gdal-2-3-3-mapserver-7-2-1-libs\include\gdal_priv.h(728): warning C4251: “GDALDataset::Features::Iterator::m_poPrivate”: class“std::unique_ptr<GDALDataset::Features::Iterator::Private,std::default_delete<_Ty>>”需要有 dll 接口由 class“GDALDataset::Features::Iterator”的客户端使用
          with
          [
              _Ty=GDALDataset::Features::Iterator::Private
          ]
  D:\release-1911-x64-gdal-2-3-3-mapserver-7-2-1-libs\include\gdal_priv.h(728): note: 参见“std::unique_ptr<GDALDataset::Features::Iterator::Private,std::default_delete<_Ty>>”的声明
          with
          [
              _Ty=GDALDataset::Features::Iterator::Private
          ]
D:\release-1911-x64-gdal-2-3-3-mapserver-7-2-1-libs\include\gdal_priv.h(953): warning C4251: “GDALColorTable::aoEntries”: class“std::vector<GDALColorEntry,std::allocator<_Ty>>”需要有 dll 接口由 class“GDALColorTable”的客户端使用
          with
          [
              _Ty=GDALColorEntry
          ]
  D:\release-1911-x64-gdal-2-3-3-mapserver-7-2-1-libs\include\gdal_priv.h(953): note: 参见“std::vector<GDALColorEntry,std::allocator<_Ty>>”的声明
          with
          [
              _Ty=GDALColorEntry
          ]
D:\release-1911-x64-gdal-2-3-3-mapserver-7-2-1-libs\include\gdal_priv.h(1516): warning C4251: “GDALDriverManager::oMapNameToDrivers”: class“std::map<CPLString,GDALDriver *,std::less<_Kty>,std::allocator<std::pair<const _Kty,_Ty>>>”需要有 dll 接口由 class“GDALDriverManager”的客户端使用
          with
          [
              _Kty=CPLString,
              _Ty=GDALDriver *
          ]
  D:\release-1911-x64-gdal-2-3-3-mapserver-7-2-1-libs\include\gdal_priv.h(1516): note: 参见“std::map<CPLString,GDALDriver *,std::less<_Kty>,std::allocator<std::pair<const _Kty,_Ty>>>”的声明
          with
          [
              _Kty=CPLString,
              _Ty=GDALDriver *
          ]
d:\cesium-terrain-builder-master-quantized-mesh\source\src\Grid.hpp(139): warning C4244: “初始化”: 从“double”转换到“ctb::i_pixel”，可能丢失数据
d:\cesium-terrain-builder-master-quantized-mesh\source\src\Grid.hpp(140): warning C4244: “初始化”: 从“double”转换到“ctb::i_pixel”，可能丢失数据
d:\cesium-terrain-builder-master-quantized-mesh\source\src\TerrainTile.hpp(147): warning C4251: “ctb::Terrain::mHeights”: class“std::vector<ctb::i_terrain_height,std::allocator<_Ty>>”需要有 dll 接口由 class“ctb::Terrain”的客户端使用
          with
          [
              _Ty=ctb::i_terrain_height
          ]
  d:\cesium-terrain-builder-master-quantized-mesh\source\src\TerrainTile.hpp(138): note: 参见“std::vector<ctb::i_terrain_height,std::allocator<_Ty>>”的声明
          with
          [
              _Ty=ctb::i_terrain_height
          ]
d:\cesium-terrain-builder-master-quantized-mesh\source\src\TerrainTile.hpp(190): warning C4275: 非 dll 接口 class“ctb::Tile”用作 dll 接口 class“ctb::TerrainTile”的基
  d:\cesium-terrain-builder-master-quantized-mesh\source\src\Tile.hpp(28): note: 参见“ctb::Tile”的声明
  d:\cesium-terrain-builder-master-quantized-mesh\source\src\TerrainTile.hpp(36): note: 参见“ctb::TerrainTile”的声明
d:\cesium-terrain-builder-master-quantized-mesh\source\src\GlobalGeodetic.hpp(39): warning C4275: 非 dll 接口 class“ctb::Grid”用作 dll 接口 class“ctb::GlobalGeodetic”的基
  d:\cesium-terrain-builder-master-quantized-mesh\source\src\Grid.hpp(33): note: 参见“ctb::Grid”的声明
  d:\cesium-terrain-builder-master-quantized-mesh\source\src\GlobalGeodetic.hpp(29): note: 参见“ctb::GlobalGeodetic”的声明
D:\cesium-terrain-builder-master-quantized-mesh\source\src\TerrainTile.cpp(171): warning C4267: “参数”: 从“size_t”转换到“uint32_t”，可能丢失数据
  MeshTiler.cpp
d:\cesium-terrain-builder-master-quantized-mesh\source\src\Mesh.hpp(66): warning C4267: “初始化”: 从“size_t”转换到“int”，可能丢失数据
d:\cesium-terrain-builder-master-quantized-mesh\source\src\Mesh.hpp(57): warning C4996: 'fopen': This function or variable may be unsafe. Consider using fopen_s instead. To disable deprecation, use _CRT_SECURE_NO_WARNINGS. See online help for details.
  C:\Program Files (x86)\Windows Kits\10\Include\10.0.17763.0\ucrt\stdio.h(208): note: 参见“fopen”的声明
d:\cesium-terrain-builder-master-quantized-mesh\source\src\Mesh.hpp(71): warning C4996: 'sprintf': This function or variable may be unsafe. Consider using sprintf_s instead. To disable deprecation, use _CRT_SECURE_NO_WARNINGS. See online help for details.
  C:\Program Files (x86)\Windows Kits\10\Include\10.0.17763.0\ucrt\stdio.h(1774): note: 参见“sprintf”的声明
d:\cesium-terrain-builder-master-quantized-mesh\source\src\Grid.hpp(139): warning C4244: “初始化”: 从“double”转换到“ctb::i_pixel”，可能丢失数据
d:\cesium-terrain-builder-master-quantized-mesh\source\src\Grid.hpp(140): warning C4244: “初始化”: 从“double”转换到“ctb::i_pixel”，可能丢失数据
d:\cesium-terrain-builder-master-quantized-mesh\source\src\MeshTile.hpp(44): warning C4275: 非 dll 接口 class“ctb::Tile”用作 dll 接口 class“ctb::MeshTile”的基
  d:\cesium-terrain-builder-master-quantized-mesh\source\src\Tile.hpp(28): note: 参见“ctb::Tile”的声明
  d:\cesium-terrain-builder-master-quantized-mesh\source\src\MeshTile.hpp(33): note: 参见“ctb::MeshTile”的声明
d:\cesium-terrain-builder-master-quantized-mesh\source\src\MeshTile.hpp(112): warning C4251: “ctb::MeshTile::mMesh”: class“ctb::Mesh”需要有 dll 接口由 class“ctb::MeshTile”的客户端使用
  d:\cesium-terrain-builder-master-quantized-mesh\source\src\Mesh.hpp(33): note: 参见“ctb::Mesh”的声明
d:\release-1911-x64-gdal-2-3-3-mapserver-7-2-1-libs\include\ogr_featurestyle.h(89): warning C4251: “OGRStyleTable::osLastRequestedStyleName”: class“CPLStringT<void>”需要有 dll 接口由 class“OGRStyleTable”的客户端使用
  d:\release-1911-x64-gdal-2-3-3-mapserver-7-2-1-libs\include\cpl_string.h(323): note: 参见“CPLStringT<void>”的声明
d:\release-1911-x64-gdal-2-3-3-mapserver-7-2-1-libs\include\cpl_json.h(153): warning C4251: “CPLJSONObject::m_osKey”: class“std::basic_string<char,std::char_traits<char>,std::allocator<char>>”需要有 dll 接口由 class“CPLJSONObject”的客户端使用
  C:\Program Files (x86)\Microsoft Visual Studio\2017\Community\VC\Tools\MSVC\14.16.27023\include\xstring(4373): note: 参见“std::basic_string<char,std::char_traits<char>,std::allocator<char>>”的声明
d:\release-1911-x64-gdal-2-3-3-mapserver-7-2-1-libs\include\ogr_geometry.h(947): warning C4251: “OGRCurve::ConstIterator::m_poPrivate”: class“std::unique_ptr<OGRCurve::ConstIterator::Private,std::default_delete<_Ty>>”需要有 dll 接口由 class“OGRCurve::ConstIterator”的客户端使用
          with
          [
              _Ty=OGRCurve::ConstIterator::Private
          ]
  d:\release-1911-x64-gdal-2-3-3-mapserver-7-2-1-libs\include\ogr_geometry.h(947): note: 参见“std::unique_ptr<OGRCurve::ConstIterator::Private,std::default_delete<_Ty>>”的声明
          with
          [
              _Ty=OGRCurve::ConstIterator::Private
          ]
d:\release-1911-x64-gdal-2-3-3-mapserver-7-2-1-libs\include\ogr_geometry.h(1066): warning C4251: “OGRSimpleCurve::Iterator::m_poPrivate”: class“std::unique_ptr<OGRSimpleCurve::Iterator::Private,std::default_delete<_Ty>>”需要有 dll 接口由 class“OGRSimpleCurve::Iterator”的客户端使用
          with
          [
              _Ty=OGRSimpleCurve::Iterator::Private
          ]
  d:\release-1911-x64-gdal-2-3-3-mapserver-7-2-1-libs\include\ogr_geometry.h(1066): note: 参见“std::unique_ptr<OGRSimpleCurve::Iterator::Private,std::default_delete<_Ty>>”的声明
          with
          [
              _Ty=OGRSimpleCurve::Iterator::Private
          ]
d:\release-1911-x64-gdal-2-3-3-mapserver-7-2-1-libs\include\ogr_geometry.h(1083): warning C4251: “OGRSimpleCurve::ConstIterator::m_poPrivate”: class“std::unique_ptr<OGRSimpleCurve::ConstIterator::Private,std::default_delete<_Ty>>”需要有 dll 接口由 class“OGRSimpleCurve::ConstIterator”的客户端使用
          with
          [
              _Ty=OGRSimpleCurve::ConstIterator::Private
          ]
  d:\release-1911-x64-gdal-2-3-3-mapserver-7-2-1-libs\include\ogr_geometry.h(1083): note: 参见“std::unique_ptr<OGRSimpleCurve::ConstIterator::Private,std::default_delete<_Ty>>”的声明
          with
          [
              _Ty=OGRSimpleCurve::ConstIterator::Private
          ]
d:\release-1911-x64-gdal-2-3-3-mapserver-7-2-1-libs\include\ogr_feature.h(384): warning C4251: “OGRFeature::FieldValue::m_poPrivate”: class“std::unique_ptr<OGRFeature::FieldValue::Private,std::default_delete<_Ty>>”需要有 dll 接口由 class“OGRFeature::FieldValue”的客户端使用
          with
          [
              _Ty=OGRFeature::FieldValue::Private
          ]
  d:\release-1911-x64-gdal-2-3-3-mapserver-7-2-1-libs\include\ogr_feature.h(384): note: 参见“std::unique_ptr<OGRFeature::FieldValue::Private,std::default_delete<_Ty>>”的声明
          with
          [
              _Ty=OGRFeature::FieldValue::Private
          ]
d:\release-1911-x64-gdal-2-3-3-mapserver-7-2-1-libs\include\ogr_feature.h(527): warning C4251: “OGRFeature::ConstFieldIterator::m_poPrivate”: class“std::unique_ptr<OGRFeature::ConstFieldIterator::Private,std::default_delete<_Ty>>”需要有 dll 接口由 class“OGRFeature::ConstFieldIterator”的客户端使用
          with
          [
              _Ty=OGRFeature::ConstFieldIterator::Private
          ]
  d:\release-1911-x64-gdal-2-3-3-mapserver-7-2-1-libs\include\ogr_feature.h(527): note: 参见“std::unique_ptr<OGRFeature::ConstFieldIterator::Private,std::default_delete<_Ty>>”的声明
          with
          [
              _Ty=OGRFeature::ConstFieldIterator::Private
          ]
D:\release-1911-x64-gdal-2-3-3-mapserver-7-2-1-libs\include\gdal_priv.h(137): warning C4251: “GDALMajorObject::sDescription”: class“CPLStringT<void>”需要有 dll 接口由 class“GDALMajorObject”的客户端使用
  d:\release-1911-x64-gdal-2-3-3-mapserver-7-2-1-libs\include\cpl_string.h(323): note: 参见“CPLStringT<void>”的声明
D:\release-1911-x64-gdal-2-3-3-mapserver-7-2-1-libs\include\gdal_priv.h(190): warning C4251: “GDALDefaultOverviews::osOvrFilename”: class“CPLStringT<void>”需要有 dll 接口由 class“GDALDefaultOverviews”的客户端使用
  d:\release-1911-x64-gdal-2-3-3-mapserver-7-2-1-libs\include\cpl_string.h(323): note: 参见“CPLStringT<void>”的声明
D:\release-1911-x64-gdal-2-3-3-mapserver-7-2-1-libs\include\gdal_priv.h(483): warning C4251: “GDALDataset::Bands::Iterator::m_poPrivate”: class“std::unique_ptr<GDALDataset::Bands::Iterator::Private,std::default_delete<_Ty>>”需要有 dll 接口由 class“GDALDataset::Bands::Iterator”的客户端使用
          with
          [
              _Ty=GDALDataset::Bands::Iterator::Private
          ]
  D:\release-1911-x64-gdal-2-3-3-mapserver-7-2-1-libs\include\gdal_priv.h(483): note: 参见“std::unique_ptr<GDALDataset::Bands::Iterator::Private,std::default_delete<_Ty>>”的声明
          with
          [
              _Ty=GDALDataset::Bands::Iterator::Private
          ]
D:\release-1911-x64-gdal-2-3-3-mapserver-7-2-1-libs\include\gdal_priv.h(670): warning C4251: “GDALDataset::Layers::Iterator::m_poPrivate”: class“std::unique_ptr<GDALDataset::Layers::Iterator::Private,std::default_delete<_Ty>>”需要有 dll 接口由 class“GDALDataset::Layers::Iterator”的客户端使用
          with
          [
              _Ty=GDALDataset::Layers::Iterator::Private
          ]
  D:\release-1911-x64-gdal-2-3-3-mapserver-7-2-1-libs\include\gdal_priv.h(670): note: 参见“std::unique_ptr<GDALDataset::Layers::Iterator::Private,std::default_delete<_Ty>>”的声明
          with
          [
              _Ty=GDALDataset::Layers::Iterator::Private
          ]
D:\release-1911-x64-gdal-2-3-3-mapserver-7-2-1-libs\include\gdal_priv.h(728): warning C4251: “GDALDataset::Features::Iterator::m_poPrivate”: class“std::unique_ptr<GDALDataset::Features::Iterator::Private,std::default_delete<_Ty>>”需要有 dll 接口由 class“GDALDataset::Features::Iterator”的客户端使用
          with
          [
              _Ty=GDALDataset::Features::Iterator::Private
          ]
  D:\release-1911-x64-gdal-2-3-3-mapserver-7-2-1-libs\include\gdal_priv.h(728): note: 参见“std::unique_ptr<GDALDataset::Features::Iterator::Private,std::default_delete<_Ty>>”的声明
          with
          [
              _Ty=GDALDataset::Features::Iterator::Private
          ]
D:\release-1911-x64-gdal-2-3-3-mapserver-7-2-1-libs\include\gdal_priv.h(953): warning C4251: “GDALColorTable::aoEntries”: class“std::vector<GDALColorEntry,std::allocator<_Ty>>”需要有 dll 接口由 class“GDALColorTable”的客户端使用
          with
          [
              _Ty=GDALColorEntry
          ]
  D:\release-1911-x64-gdal-2-3-3-mapserver-7-2-1-libs\include\gdal_priv.h(953): note: 参见“std::vector<GDALColorEntry,std::allocator<_Ty>>”的声明
          with
          [
              _Ty=GDALColorEntry
          ]
D:\release-1911-x64-gdal-2-3-3-mapserver-7-2-1-libs\include\gdal_priv.h(1516): warning C4251: “GDALDriverManager::oMapNameToDrivers”: class“std::map<CPLString,GDALDriver *,std::less<_Kty>,std::allocator<std::pair<const _Kty,_Ty>>>”需要有 dll 接口由 class“GDALDriverManager”的客户端使用
          with
          [
              _Kty=CPLString,
              _Ty=GDALDriver *
          ]
  D:\release-1911-x64-gdal-2-3-3-mapserver-7-2-1-libs\include\gdal_priv.h(1516): note: 参见“std::map<CPLString,GDALDriver *,std::less<_Kty>,std::allocator<std::pair<const _Kty,_Ty>>>”的声明
          with
          [
              _Kty=CPLString,
              _Ty=GDALDriver *
          ]
d:\cesium-terrain-builder-master-quantized-mesh\source\src\TerrainTile.hpp(147): warning C4251: “ctb::Terrain::mHeights”: class“std::vector<ctb::i_terrain_height,std::allocator<_Ty>>”需要有 dll 接口由 class“ctb::Terrain”的客户端使用
          with
          [
              _Ty=ctb::i_terrain_height
          ]
  d:\cesium-terrain-builder-master-quantized-mesh\source\src\TerrainTile.hpp(138): note: 参见“std::vector<ctb::i_terrain_height,std::allocator<_Ty>>”的声明
          with
          [
              _Ty=ctb::i_terrain_height
          ]
d:\cesium-terrain-builder-master-quantized-mesh\source\src\TerrainTile.hpp(190): warning C4275: 非 dll 接口 class“ctb::Tile”用作 dll 接口 class“ctb::TerrainTile”的基
  d:\cesium-terrain-builder-master-quantized-mesh\source\src\Tile.hpp(28): note: 参见“ctb::Tile”的声明
  d:\cesium-terrain-builder-master-quantized-mesh\source\src\TerrainTile.hpp(36): note: 参见“ctb::TerrainTile”的声明
d:\cesium-terrain-builder-master-quantized-mesh\source\src\GlobalGeodetic.hpp(39): warning C4275: 非 dll 接口 class“ctb::Grid”用作 dll 接口 class“ctb::GlobalGeodetic”的基
  d:\cesium-terrain-builder-master-quantized-mesh\source\src\Grid.hpp(33): note: 参见“ctb::Grid”的声明
  d:\cesium-terrain-builder-master-quantized-mesh\source\src\GlobalGeodetic.hpp(29): note: 参见“ctb::GlobalGeodetic”的声明
d:\cesium-terrain-builder-master-quantized-mesh\source\src\GDALTile.hpp(47): warning C4275: 非 dll 接口 class“ctb::Tile”用作 dll 接口 class“ctb::GDALTile”的基
  d:\cesium-terrain-builder-master-quantized-mesh\source\src\Tile.hpp(28): note: 参见“ctb::Tile”的声明
  d:\cesium-terrain-builder-master-quantized-mesh\source\src\GDALTile.hpp(31): note: 参见“ctb::GDALTile”的声明
d:\cesium-terrain-builder-master-quantized-mesh\source\src\GDALTiler.hpp(169): warning C4251: “ctb::GDALTiler::mGrid”: class“ctb::Grid”需要有 dll 接口由 class“ctb::GDALTiler”的客户端使用
  d:\cesium-terrain-builder-master-quantized-mesh\source\src\Grid.hpp(33): note: 参见“ctb::Grid”的声明
d:\cesium-terrain-builder-master-quantized-mesh\source\src\GDALTiler.hpp(177): warning C4251: “ctb::GDALTiler::mBounds”: class“ctb::Bounds<double>”需要有 dll 接口由 class“ctb::GDALTiler”的客户端使用
  d:\cesium-terrain-builder-master-quantized-mesh\source\src\types.hpp(44): note: 参见“ctb::Bounds<double>”的声明
d:\cesium-terrain-builder-master-quantized-mesh\source\src\GDALTiler.hpp(188): warning C4251: “ctb::GDALTiler::crsWKT”: class“std::basic_string<char,std::char_traits<char>,std::allocator<char>>”需要有 dll 接口由 class“ctb::GDALTiler”的客户端使用
  C:\Program Files (x86)\Microsoft Visual Studio\2017\Community\VC\Tools\MSVC\14.16.27023\include\xstring(4373): note: 参见“std::basic_string<char,std::char_traits<char>,std::allocator<char>>”的声明
d:\cesium-terrain-builder-master-quantized-mesh\source\src\GDALTiler.hpp(189): warning C4521: “ctb::GDALTiler”: 指定了多个复制构造函数
d:\cesium-terrain-builder-master-quantized-mesh\source\src\HeightFieldChunker.hpp(248): warning C4244: “初始化”: 从“double”转换到“float”，可能丢失数据
d:\cesium-terrain-builder-master-quantized-mesh\source\src\GDALDatasetReader.hpp(95): warning C4251: “ctb::GDALDatasetReaderWithOverviews::mOverviews”: class“std::vector<GDALDataset *,std::allocator<_Ty>>”需要有 dll 接口由 class“ctb::GDALDatasetReaderWithOverviews”的客户端使用
          with
          [
              _Ty=GDALDataset *
          ]
  d:\cesium-terrain-builder-master-quantized-mesh\source\src\GDALDatasetReader.hpp(95): note: 参见“std::vector<GDALDataset *,std::allocator<_Ty>>”的声明
          with
          [
              _Ty=GDALDataset *
          ]
D:\cesium-terrain-builder-master-quantized-mesh\source\src\MeshTiler.cpp(96): warning C4267: “=”: 从“size_t”转换到“int”，可能丢失数据
  MeshTile.cpp
d:\cesium-terrain-builder-master-quantized-mesh\source\src\Mesh.hpp(66): warning C4267: “初始化”: 从“size_t”转换到“int”，可能丢失数据
d:\cesium-terrain-builder-master-quantized-mesh\source\src\Mesh.hpp(57): warning C4996: 'fopen': This function or variable may be unsafe. Consider using fopen_s instead. To disable deprecation, use _CRT_SECURE_NO_WARNINGS. See online help for details.
  C:\Program Files (x86)\Windows Kits\10\Include\10.0.17763.0\ucrt\stdio.h(208): note: 参见“fopen”的声明
d:\cesium-terrain-builder-master-quantized-mesh\source\src\Mesh.hpp(71): warning C4996: 'sprintf': This function or variable may be unsafe. Consider using sprintf_s instead. To disable deprecation, use _CRT_SECURE_NO_WARNINGS. See online help for details.
  C:\Program Files (x86)\Windows Kits\10\Include\10.0.17763.0\ucrt\stdio.h(1774): note: 参见“sprintf”的声明
d:\cesium-terrain-builder-master-quantized-mesh\source\src\Grid.hpp(139): warning C4244: “初始化”: 从“double”转换到“ctb::i_pixel”，可能丢失数据
d:\cesium-terrain-builder-master-quantized-mesh\source\src\Grid.hpp(140): warning C4244: “初始化”: 从“double”转换到“ctb::i_pixel”，可能丢失数据
d:\cesium-terrain-builder-master-quantized-mesh\source\src\MeshTile.hpp(44): warning C4275: 非 dll 接口 class“ctb::Tile”用作 dll 接口 class“ctb::MeshTile”的基
  d:\cesium-terrain-builder-master-quantized-mesh\source\src\Tile.hpp(28): note: 参见“ctb::Tile”的声明
  d:\cesium-terrain-builder-master-quantized-mesh\source\src\MeshTile.hpp(33): note: 参见“ctb::MeshTile”的声明
d:\cesium-terrain-builder-master-quantized-mesh\source\src\MeshTile.hpp(112): warning C4251: “ctb::MeshTile::mMesh”: class“ctb::Mesh”需要有 dll 接口由 class“ctb::MeshTile”的客户端使用
  d:\cesium-terrain-builder-master-quantized-mesh\source\src\Mesh.hpp(33): note: 参见“ctb::Mesh”的声明
D:\cesium-terrain-builder-master-quantized-mesh\source\src\MeshTile.cpp(101): warning C4267: “初始化”: 从“size_t”转换到“int”，可能丢失数据
D:\cesium-terrain-builder-master-quantized-mesh\source\src\MeshTile.cpp(272): warning C4267: “初始化”: 从“size_t”转换到“int”，可能丢失数据
D:\cesium-terrain-builder-master-quantized-mesh\source\src\MeshTile.cpp(294): warning C4267: “初始化”: 从“size_t”转换到“int”，可能丢失数据
d:\cesium-terrain-builder-master-quantized-mesh\source\src\BoundingSphere.hpp(171): warning C4267: “初始化”: 从“size_t”转换到“int”，可能丢失数据
  d:\cesium-terrain-builder-master-quantized-mesh\source\src\BoundingSphere.hpp(161): note: 编译 类 模板 成员函数 "void ctb::BoundingBox<double>::fromPoints(const std::vector<ctb::CRSVertex,std::allocator<_Ty>> &)" 时
          with
          [
              _Ty=ctb::CRSVertex
          ]
  D:\cesium-terrain-builder-master-quantized-mesh\source\src\MeshTile.cpp(232): note: 参见对正在编译的函数 模板 实例化“void ctb::BoundingBox<double>::fromPoints(const std::vector<ctb::CRSVertex,std::allocator<_Ty>> &)”的引用
          with
          [
              _Ty=ctb::CRSVertex
          ]
  D:\cesium-terrain-builder-master-quantized-mesh\source\src\MeshTile.cpp(223): note: 参见对正在编译的 类 模板 实例化 "ctb::BoundingBox<double>" 的引用
d:\cesium-terrain-builder-master-quantized-mesh\source\src\BoundingSphere.hpp(67): warning C4267: “初始化”: 从“size_t”转换到“int”，可能丢失数据
  d:\cesium-terrain-builder-master-quantized-mesh\source\src\BoundingSphere.hpp(54): note: 编译 类 模板 成员函数 "void ctb::BoundingSphere<double>::fromPoints(const std::vector<ctb::CRSVertex,std::allocator<_Ty>> &)" 时
          with
          [
              _Ty=ctb::CRSVertex
          ]
  D:\cesium-terrain-builder-master-quantized-mesh\source\src\MeshTile.cpp(231): note: 参见对正在编译的函数 模板 实例化“void ctb::BoundingSphere<double>::fromPoints(const std::vector<ctb::CRSVertex,std::allocator<_Ty>> &)”的引用
          with
          [
              _Ty=ctb::CRSVertex
          ]
  D:\cesium-terrain-builder-master-quantized-mesh\source\src\MeshTile.cpp(98): note: 参见对正在编译的 类 模板 实例化 "ctb::BoundingSphere<double>" 的引用
d:\cesium-terrain-builder-master-quantized-mesh\source\src\BoundingSphere.hpp(111): warning C4267: “初始化”: 从“size_t”转换到“int”，可能丢失数据
D:\cesium-terrain-builder-master-quantized-mesh\source\src\MeshTile.cpp(138): warning C4267: “初始化”: 从“size_t”转换到“int”，可能丢失数据
  D:\cesium-terrain-builder-master-quantized-mesh\source\src\MeshTile.cpp(308): note: 参见对正在编译的函数 模板 实例化“int writeEdgeIndices<uint32_t>(ctb::CTBOutputStream &,const ctb::Mesh &,double,int)”的引用
D:\cesium-terrain-builder-master-quantized-mesh\source\src\MeshTile.cpp(145): warning C4267: “return”: 从“size_t”转换到“int”，可能丢失数据
  GlobalMercator.cpp
d:\cesium-terrain-builder-master-quantized-mesh\source\src\Grid.hpp(139): warning C4244: “初始化”: 从“double”转换到“ctb::i_pixel”，可能丢失数据
d:\cesium-terrain-builder-master-quantized-mesh\source\src\Grid.hpp(140): warning C4244: “初始化”: 从“double”转换到“ctb::i_pixel”，可能丢失数据
d:\cesium-terrain-builder-master-quantized-mesh\source\src\GlobalMercator.hpp(39): warning C4275: 非 dll 接口 class“ctb::Grid”用作 dll 接口 class“ctb::GlobalMercator”的基
  d:\cesium-terrain-builder-master-quantized-mesh\source\src\Grid.hpp(33): note: 参见“ctb::Grid”的声明
  d:\cesium-terrain-builder-master-quantized-mesh\source\src\GlobalMercator.hpp(29): note: 参见“ctb::GlobalMercator”的声明
  GlobalGeodetic.cpp
d:\cesium-terrain-builder-master-quantized-mesh\source\src\Grid.hpp(139): warning C4244: “初始化”: 从“double”转换到“ctb::i_pixel”，可能丢失数据
d:\cesium-terrain-builder-master-quantized-mesh\source\src\Grid.hpp(140): warning C4244: “初始化”: 从“double”转换到“ctb::i_pixel”，可能丢失数据
d:\cesium-terrain-builder-master-quantized-mesh\source\src\GlobalGeodetic.hpp(39): warning C4275: 非 dll 接口 class“ctb::Grid”用作 dll 接口 class“ctb::GlobalGeodetic”的基
  d:\cesium-terrain-builder-master-quantized-mesh\source\src\Grid.hpp(33): note: 参见“ctb::Grid”的声明
  d:\cesium-terrain-builder-master-quantized-mesh\source\src\GlobalGeodetic.hpp(29): note: 参见“ctb::GlobalGeodetic”的声明
  正在生成代码...
    正在创建库 D:/cesium-terrain-builder-master-quantized-mesh/build/src/Release/ctb.lib 和对象 D:/cesium-terrain-builder-master-quantized-mesh/build/src/Release/ctb.exp
  ctb.vcxproj -> D:\cesium-terrain-builder-master-quantized-mesh\build\src\Release\ctb.dll
